11:54:15.521 [INFO] [org.gradle.launcher.daemon.server.Daemon] start() called on daemon - DefaultDaemonContext[uid=ca4adc3b-df87-4a14-bc97-c8d0ae2b29e8,javaHome=/Library/Java/JavaVirtualMachines/jdk1.7.0_79.jdk/Contents/Home,daemonRegistryDir=/Users/sowmyavi/.gradle/daemon,pid=22320,idleTimeout=10800000,daemonOpts=-XX:MaxPermSize=256m,-XX:+HeapDumpOnOutOfMemoryError,-Xmx1024m,-Dfile.encoding=UTF-8]
11:54:15.526 [DEBUG] [org.gradle.launcher.daemon.server.DaemonStateCoordinator] updating lastActivityAt to 1436941455526
11:54:15.541 [DEBUG] [org.gradle.messaging.remote.internal.inet.InetAddressFactory] Adding IP addresses for network interface en1
11:54:15.542 [DEBUG] [org.gradle.messaging.remote.internal.inet.InetAddressFactory] Is this a loopback interface? false
11:54:15.542 [DEBUG] [org.gradle.messaging.remote.internal.inet.InetAddressFactory] Is this a multicast interface? true
11:54:15.543 [DEBUG] [org.gradle.messaging.remote.internal.inet.InetAddressFactory] Adding remote address /fe80:0:0:0:7256:81ff:fe8e:2b25%5
11:54:15.544 [DEBUG] [org.gradle.messaging.remote.internal.inet.InetAddressFactory] Adding remote address /10.12.21.97
11:54:15.545 [DEBUG] [org.gradle.messaging.remote.internal.inet.InetAddressFactory] Adding remote multicast interface en1
11:54:15.546 [DEBUG] [org.gradle.messaging.remote.internal.inet.InetAddressFactory] Adding IP addresses for network interface lo0
11:54:15.546 [DEBUG] [org.gradle.messaging.remote.internal.inet.InetAddressFactory] Is this a loopback interface? true
11:54:15.547 [DEBUG] [org.gradle.messaging.remote.internal.inet.InetAddressFactory] Is this a multicast interface? true
11:54:15.548 [DEBUG] [org.gradle.messaging.remote.internal.inet.InetAddressFactory] Ignoring remote address on loopback interface /fe80:0:0:0:0:0:0:1%1
11:54:15.548 [DEBUG] [org.gradle.messaging.remote.internal.inet.InetAddressFactory] Adding loopback address /0:0:0:0:0:0:0:1
11:54:15.549 [DEBUG] [org.gradle.messaging.remote.internal.inet.InetAddressFactory] Adding loopback address /127.0.0.1
11:54:15.549 [DEBUG] [org.gradle.messaging.remote.internal.inet.InetAddressFactory] Adding loopback multicast interface lo0
11:54:15.551 [DEBUG] [org.gradle.messaging.remote.internal.inet.TcpIncomingConnector] Listening on [0541d5fb-1bd4-4e3b-9b20-eade7b2c1c90 port:63631, addresses:[/0:0:0:0:0:0:0:1, /127.0.0.1]].
11:54:15.554 [DEBUG] [org.gradle.launcher.daemon.server.Daemon] Daemon starting at: Wed Jul 15 11:54:15 IST 2015, with address: [0541d5fb-1bd4-4e3b-9b20-eade7b2c1c90 port:63631, addresses:[/0:0:0:0:0:0:0:1, /127.0.0.1]]
11:54:15.554 [INFO] [org.gradle.launcher.daemon.server.DomainRegistryUpdater] Advertising the daemon address to the clients: [0541d5fb-1bd4-4e3b-9b20-eade7b2c1c90 port:63631, addresses:[/0:0:0:0:0:0:0:1, /127.0.0.1]]
11:54:15.555 [DEBUG] [org.gradle.launcher.daemon.server.DomainRegistryUpdater] Advertised daemon context: DefaultDaemonContext[uid=ca4adc3b-df87-4a14-bc97-c8d0ae2b29e8,javaHome=/Library/Java/JavaVirtualMachines/jdk1.7.0_79.jdk/Contents/Home,daemonRegistryDir=/Users/sowmyavi/.gradle/daemon,pid=22320,idleTimeout=10800000,daemonOpts=-XX:MaxPermSize=256m,-XX:+HeapDumpOnOutOfMemoryError,-Xmx1024m,-Dfile.encoding=UTF-8]
11:54:15.556 [DEBUG] [org.gradle.launcher.daemon.registry.PersistentDaemonRegistry] Storing daemon address: [0541d5fb-1bd4-4e3b-9b20-eade7b2c1c90 port:63631, addresses:[/0:0:0:0:0:0:0:1, /127.0.0.1]], context: DefaultDaemonContext[uid=ca4adc3b-df87-4a14-bc97-c8d0ae2b29e8,javaHome=/Library/Java/JavaVirtualMachines/jdk1.7.0_79.jdk/Contents/Home,daemonRegistryDir=/Users/sowmyavi/.gradle/daemon,pid=22320,idleTimeout=10800000,daemonOpts=-XX:MaxPermSize=256m,-XX:+HeapDumpOnOutOfMemoryError,-Xmx1024m,-Dfile.encoding=UTF-8]
11:54:15.567 [DEBUG] [org.gradle.cache.internal.DefaultFileLockManager] Waiting to acquire exclusive lock on daemon addresses registry.
11:54:15.572 [DEBUG] [org.gradle.cache.internal.DefaultFileLockManager] Lock acquired.
11:54:15.611 [DEBUG] [org.gradle.cache.internal.DefaultFileLockManager] Releasing lock on daemon addresses registry.
11:54:15.613 [LIFECYCLE] [org.gradle.launcher.daemon.server.Daemon] Daemon server started.
11:54:15.615 [DEBUG] [org.gradle.launcher.daemon.bootstrap.DaemonStartupCommunication] Completed writing the daemon greeting. Closing streams...
11:54:15.617 [DEBUG] [org.gradle.launcher.daemon.server.Daemon] requestStopOnIdleTimeout(10800000 MILLISECONDS) called on daemon
11:54:15.618 [DEBUG] [org.gradle.launcher.daemon.server.DaemonStateCoordinator] waiting for daemon to stop or be idle for 10800000ms
11:54:15.619 [DEBUG] [org.gradle.launcher.daemon.server.DaemonStateCoordinator] Daemon is idle, sleeping until state change or idle timeout at Wed Jul 15 14:54:15 IST 2015
11:54:15.629 [DEBUG] [org.gradle.messaging.remote.internal.inet.TcpIncomingConnector] Accepted connection from /127.0.0.1:63632 to /127.0.0.1:63631.
11:54:15.689 [DEBUG] [org.gradle.launcher.daemon.server.SynchronizedDispatchConnection] thread 13: received class org.gradle.launcher.daemon.protocol.Build
11:54:15.690 [DEBUG] [org.gradle.launcher.daemon.server.DefaultDaemonConnection] Received non-IO message from client: Build{id=0464995a-9de5-45e9-af61-82832b70b1cf.1, currentDir=/Applications/IntelliJ IDEA 14.app/Contents/bin}
11:54:15.691 [INFO] [org.gradle.launcher.daemon.server.DefaultIncomingConnectionHandler] Received command: Build{id=0464995a-9de5-45e9-af61-82832b70b1cf.1, currentDir=/Applications/IntelliJ IDEA 14.app/Contents/bin}.
11:54:15.692 [DEBUG] [org.gradle.launcher.daemon.server.DefaultIncomingConnectionHandler] Starting executing command: Build{id=0464995a-9de5-45e9-af61-82832b70b1cf.1, currentDir=/Applications/IntelliJ IDEA 14.app/Contents/bin} with connection: socket connection at /127.0.0.1:63631 with /127.0.0.1:63632.
11:54:15.705 [DEBUG] [org.gradle.launcher.daemon.server.DaemonStateCoordinator] onStartCommand(DaemonCommandExecution[command = Build{id=0464995a-9de5-45e9-af61-82832b70b1cf.1, currentDir=/Applications/IntelliJ IDEA 14.app/Contents/bin}, connection = org.gradle.launcher.daemon.server.DefaultDaemonConnection@39011f1d]) called after 0.0 minutes of idle
11:54:15.706 [INFO] [org.gradle.launcher.daemon.server.DomainRegistryUpdater] Marking the daemon as busy, address: [0541d5fb-1bd4-4e3b-9b20-eade7b2c1c90 port:63631, addresses:[/0:0:0:0:0:0:0:1, /127.0.0.1]]
11:54:15.707 [DEBUG] [org.gradle.launcher.daemon.registry.PersistentDaemonRegistry] Marking busy by address: [0541d5fb-1bd4-4e3b-9b20-eade7b2c1c90 port:63631, addresses:[/0:0:0:0:0:0:0:1, /127.0.0.1]]
11:54:15.708 [DEBUG] [org.gradle.cache.internal.DefaultFileLockManager] Waiting to acquire exclusive lock on daemon addresses registry.
11:54:15.709 [DEBUG] [org.gradle.cache.internal.DefaultFileLockManager] Lock acquired.
11:54:15.715 [DEBUG] [org.gradle.cache.internal.DefaultFileLockManager] Releasing lock on daemon addresses registry.
11:54:15.716 [DEBUG] [org.gradle.launcher.daemon.server.DaemonStateCoordinator] updating lastActivityAt to 1436941455716
11:54:15.716 [DEBUG] [org.gradle.launcher.daemon.server.DaemonStateCoordinator] Daemon is busy, sleeping until state changes.
11:54:15.717 [INFO] [org.gradle.launcher.daemon.server.exec.StartBuildOrRespondWithBusy] Daemon is about to start building: Build{id=0464995a-9de5-45e9-af61-82832b70b1cf.1, currentDir=/Applications/IntelliJ IDEA 14.app/Contents/bin}. Dispatching build started information...
11:54:15.718 [DEBUG] [org.gradle.launcher.daemon.server.SynchronizedDispatchConnection] thread 12: dispatching class org.gradle.launcher.daemon.protocol.BuildStarted
11:54:15.723 [DEBUG] [org.gradle.launcher.daemon.server.exec.EstablishBuildEnvironment] Configuring env variables: {SHELL=/bin/zsh, HOME=/Users/sowmyavi, TMPDIR=/var/folders/cn/y6_hhyyn4s717jg8lqgdkc5m0000gp/T/, LOGNAME=sowmyavi, Apple_PubSub_Socket_Render=/tmp/launch-cpZmhX/Render, __CF_USER_TEXT_ENCODING=0x1F6:0:0, PATH=/usr/bin:/bin:/usr/sbin:/sbin, SSH_AUTH_SOCK=/tmp/launch-HlLJyO/Listeners, __CHECKFIX1436934=1, USER=sowmyavi}
11:54:15.734 [DEBUG] [org.gradle.launcher.daemon.server.SynchronizedDispatchConnection] thread 13: received class org.gradle.launcher.daemon.protocol.CloseInput
11:54:15.735 [DEBUG] [org.gradle.launcher.daemon.server.DefaultDaemonConnection] Received IO message from client: CloseInput[id=0464995a-9de5-45e9-af61-82832b70b1cf.2]
11:54:15.738 [INFO] [org.gradle.launcher.daemon.server.exec.LogToClient] About to start relaying all logs to the client via the connection.
11:54:15.738 [INFO] [org.gradle.launcher.daemon.server.exec.LogToClient] The client will now receive all logging from the daemon (pid: 22320). The daemon log file: /Users/sowmyavi/.gradle/daemon/2.0/daemon-22320.out.log
11:54:15.740 [INFO] [org.gradle.launcher.daemon.server.exec.ForwardClientInput] Closing daemon's stdin at end of input.
11:54:15.741 [INFO] [org.gradle.launcher.daemon.server.exec.ForwardClientInput] The daemon will no longer process any standard input.
11:54:15.746 [INFO] [org.gradle.launcher.daemon.server.exec.ExecuteBuild] Executing build with daemon context: DefaultDaemonContext[uid=ca4adc3b-df87-4a14-bc97-c8d0ae2b29e8,javaHome=/Library/Java/JavaVirtualMachines/jdk1.7.0_79.jdk/Contents/Home,daemonRegistryDir=/Users/sowmyavi/.gradle/daemon,pid=22320,idleTimeout=10800000,daemonOpts=-XX:MaxPermSize=256m,-XX:+HeapDumpOnOutOfMemoryError,-Xmx1024m,-Dfile.encoding=UTF-8]
11:54:16.432 [DEBUG] [org.gradle.internal.resource.transport.http.JavaSystemPropertiesHttpProxySettings] Found java system property 'http.nonProxyHosts': local|*.local|169.254/16|*.169.254/16. Will ignore proxy settings for these hosts.
Download http://jcenter.bintray.com/org/gradle/api/plugins/gradle-tomcat-plugin/1.0/gradle-tomcat-plugin-1.0.pom
Download http://jcenter.bintray.com/org/gradle/api/plugins/gradle-tomcat-plugin/1.0/gradle-tomcat-plugin-1.0.jar
:wrapper

BUILD SUCCESSFUL

Total time: 2 mins 27.081 secs
11:54:30.589 [DEBUG] [org.gradle.cache.internal.btree.BTreePersistentIndexedCache] Closing cache artifact-at-repository.bin (/Users/sowmyavi/.gradle/caches/modules-2/metadata-2.12/artifact-at-repository.bin)
11:54:30.591 [DEBUG] [org.gradle.cache.internal.btree.BTreePersistentIndexedCache] Closing cache artifact-at-url.bin (/Users/sowmyavi/.gradle/caches/modules-2/metadata-2.12/artifact-at-url.bin)
11:54:30.592 [DEBUG] [org.gradle.cache.internal.btree.BTreePersistentIndexedCache] Closing cache module-metadata.bin (/Users/sowmyavi/.gradle/caches/modules-2/metadata-2.12/module-metadata.bin)
11:54:30.593 [DEBUG] [org.gradle.cache.internal.DefaultFileLockManager] Releasing lock on artifact cache (/Users/sowmyavi/.gradle/caches/modules-2).
11:54:30.594 [DEBUG] [org.gradle.cache.internal.DefaultFileLockManager] Releasing lock on initscript class cache for initialization script '/private/var/folders/cn/y6_hhyyn4s717jg8lqgdkc5m0000gp/T/wrap8.gradle' (/Users/sowmyavi/.gradle/caches/2.0/scripts/wrap8_6h0ms3omhetd2p0hfir0kh3t32/InitScript/initscript).
11:54:30.595 [DEBUG] [org.gradle.cache.internal.DefaultFileLockManager] Releasing lock on no_initscript class cache for initialization script '/private/var/folders/cn/y6_hhyyn4s717jg8lqgdkc5m0000gp/T/wrap8.gradle' (/Users/sowmyavi/.gradle/caches/2.0/scripts/wrap8_6h0ms3omhetd2p0hfir0kh3t32/InitScript/no_initscript).
11:54:30.596 [DEBUG] [org.gradle.cache.internal.DefaultFileLockManager] Releasing lock on buildscript class cache for build file '/Users/sowmyavi/Downloads/rest-java-master/build.gradle' (/Users/sowmyavi/.gradle/caches/2.0/scripts/build_18i8f3fi5tlea00kk0g6dbs34s/ProjectScript/buildscript).
11:54:30.597 [DEBUG] [org.gradle.cache.internal.DefaultFileLockManager] Releasing lock on no_buildscript class cache for build file '/Users/sowmyavi/Downloads/rest-java-master/build.gradle' (/Users/sowmyavi/.gradle/caches/2.0/scripts/build_18i8f3fi5tlea00kk0g6dbs34s/ProjectScript/no_buildscript).
11:54:30.608 [DEBUG] [org.gradle.cache.internal.btree.BTreePersistentIndexedCache] Closing cache fileSnapshots.bin (/Users/sowmyavi/Downloads/rest-java-master/.gradle/2.0/taskArtifacts/fileSnapshots.bin)
11:54:30.610 [DEBUG] [org.gradle.cache.internal.btree.BTreePersistentIndexedCache] Closing cache fileHashes.bin (/Users/sowmyavi/Downloads/rest-java-master/.gradle/2.0/taskArtifacts/fileHashes.bin)
11:54:30.611 [DEBUG] [org.gradle.cache.internal.btree.BTreePersistentIndexedCache] Closing cache taskArtifacts.bin (/Users/sowmyavi/Downloads/rest-java-master/.gradle/2.0/taskArtifacts/taskArtifacts.bin)
11:54:30.612 [DEBUG] [org.gradle.cache.internal.btree.BTreePersistentIndexedCache] Closing cache outputFileStates.bin (/Users/sowmyavi/Downloads/rest-java-master/.gradle/2.0/taskArtifacts/outputFileStates.bin)
11:54:30.613 [DEBUG] [org.gradle.cache.internal.DefaultFileLockManager] Releasing lock on task history cache (/Users/sowmyavi/Downloads/rest-java-master/.gradle/2.0/taskArtifacts).
11:54:30.617 [DEBUG] [org.gradle.api.internal.artifacts.ivyservice.ivyresolve.memcache.InMemoryCachedRepositoryFactory] In-memory dependency metadata cache closed. Repos cached: 2, cache instances: 2, modules served from cache: 0, artifacts: 0
11:54:30.621 [DEBUG] [org.gradle.api.internal.artifacts.ivyservice.resolveengine.store.CachedStoreFactory] Resolution result cache closed. Cache reads: 0, disk reads: 0 (avg: 0.0 secs, total: 0.0 secs)
11:54:30.622 [DEBUG] [org.gradle.api.internal.artifacts.ivyservice.resolveengine.store.CachedStoreFactory] Resolved configuration cache closed. Cache reads: 0, disk reads: 0 (avg: 0.0 secs, total: 0.0 secs)
11:54:30.623 [DEBUG] [org.gradle.api.internal.artifacts.ivyservice.resolveengine.store.ResolutionResultsStoreFactory] Deleted 2 resolution results binary files in 0.003 secs
11:54:30.625 [DEBUG] [org.gradle.launcher.daemon.server.exec.ExecuteBuild] The daemon has finished executing the build.
11:54:30.626 [DEBUG] [org.gradle.launcher.daemon.server.exec.ReturnResult] Daemon is dispatching the build result: DaemonCommandResult[type=Success, value=org.gradle.tooling.internal.provider.BuildActionResult@14d13d3]
11:54:30.627 [DEBUG] [org.gradle.launcher.daemon.server.SynchronizedDispatchConnection] thread 12: dispatching class org.gradle.launcher.daemon.protocol.Success
11:54:30.635 [DEBUG] [org.gradle.launcher.daemon.server.DaemonStateCoordinator] onFinishCommand() called while execution = DaemonCommandExecution[command = Build{id=0464995a-9de5-45e9-af61-82832b70b1cf.1, currentDir=/Applications/IntelliJ IDEA 14.app/Contents/bin}, connection = org.gradle.launcher.daemon.server.DefaultDaemonConnection@39011f1d]
11:54:30.636 [DEBUG] [org.gradle.launcher.daemon.server.DaemonStateCoordinator] updating lastActivityAt to 1436941470636
11:54:30.637 [INFO] [org.gradle.launcher.daemon.server.DomainRegistryUpdater] Marking the daemon as idle, address: [0541d5fb-1bd4-4e3b-9b20-eade7b2c1c90 port:63631, addresses:[/0:0:0:0:0:0:0:1, /127.0.0.1]]
11:54:30.638 [DEBUG] [org.gradle.launcher.daemon.registry.PersistentDaemonRegistry] Marking idle by address: [0541d5fb-1bd4-4e3b-9b20-eade7b2c1c90 port:63631, addresses:[/0:0:0:0:0:0:0:1, /127.0.0.1]]
11:54:30.640 [DEBUG] [org.gradle.cache.internal.DefaultFileLockManager] Waiting to acquire exclusive lock on daemon addresses registry.
11:54:30.641 [DEBUG] [org.gradle.cache.internal.DefaultFileLockManager] Lock acquired.
11:54:30.644 [DEBUG] [org.gradle.launcher.daemon.server.SynchronizedDispatchConnection] thread 13: received class org.gradle.launcher.daemon.protocol.Finished
11:54:30.645 [DEBUG] [org.gradle.launcher.daemon.server.DefaultDaemonConnection] Received non-IO message from client: org.gradle.launcher.daemon.protocol.Finished@1059853b
11:54:30.646 [DEBUG] [org.gradle.launcher.daemon.server.SynchronizedDispatchConnection] thread 13: received null
11:54:30.647 [DEBUG] [org.gradle.launcher.daemon.server.DefaultDaemonConnection] Received end-of-input from client.
11:54:30.649 [DEBUG] [org.gradle.cache.internal.DefaultFileLockManager] Releasing lock on daemon addresses registry.
11:54:30.650 [DEBUG] [org.gradle.launcher.daemon.server.DaemonStateCoordinator] Daemon is idle, sleeping until state change or idle timeout at Wed Jul 15 14:54:30 IST 2015
11:54:31.028 [DEBUG] [org.gradle.messaging.remote.internal.inet.TcpIncomingConnector] Accepted connection from /127.0.0.1:63638 to /127.0.0.1:63631.
11:54:31.028 [DEBUG] [org.gradle.launcher.daemon.server.DefaultIncomingConnectionHandler] Finishing executing command: Build{id=0464995a-9de5-45e9-af61-82832b70b1cf.1, currentDir=/Applications/IntelliJ IDEA 14.app/Contents/bin}
11:54:31.031 [DEBUG] [org.gradle.launcher.daemon.server.DefaultIncomingConnectionHandler] Received finished message: null
11:54:31.032 [DEBUG] [org.gradle.launcher.daemon.server.SynchronizedDispatchConnection] thread 12: stopping connection
11:54:31.035 [DEBUG] [org.gradle.launcher.daemon.server.SynchronizedDispatchConnection] thread 12: stopping connection
11:54:31.058 [DEBUG] [org.gradle.launcher.daemon.server.SynchronizedDispatchConnection] thread 21: received class org.gradle.launcher.daemon.protocol.Build
11:54:31.059 [DEBUG] [org.gradle.launcher.daemon.server.DefaultDaemonConnection] Received non-IO message from client: Build{id=977c2bde-375b-4214-a2fa-6ee9b9de9d21.1, currentDir=/Users/sowmyavi/Downloads/rest-java-master}
11:54:31.060 [INFO] [org.gradle.launcher.daemon.server.DefaultIncomingConnectionHandler] Received command: Build{id=977c2bde-375b-4214-a2fa-6ee9b9de9d21.1, currentDir=/Users/sowmyavi/Downloads/rest-java-master}.
11:54:31.061 [DEBUG] [org.gradle.launcher.daemon.server.DefaultIncomingConnectionHandler] Starting executing command: Build{id=977c2bde-375b-4214-a2fa-6ee9b9de9d21.1, currentDir=/Users/sowmyavi/Downloads/rest-java-master} with connection: socket connection at /127.0.0.1:63631 with /127.0.0.1:63638.
11:54:31.062 [DEBUG] [org.gradle.launcher.daemon.server.DaemonStateCoordinator] onStartCommand(DaemonCommandExecution[command = Build{id=977c2bde-375b-4214-a2fa-6ee9b9de9d21.1, currentDir=/Users/sowmyavi/Downloads/rest-java-master}, connection = org.gradle.launcher.daemon.server.DefaultDaemonConnection@59f40e83]) called after 0.0 minutes of idle
11:54:31.062 [INFO] [org.gradle.launcher.daemon.server.DomainRegistryUpdater] Marking the daemon as busy, address: [0541d5fb-1bd4-4e3b-9b20-eade7b2c1c90 port:63631, addresses:[/0:0:0:0:0:0:0:1, /127.0.0.1]]
11:54:31.063 [DEBUG] [org.gradle.launcher.daemon.registry.PersistentDaemonRegistry] Marking busy by address: [0541d5fb-1bd4-4e3b-9b20-eade7b2c1c90 port:63631, addresses:[/0:0:0:0:0:0:0:1, /127.0.0.1]]
11:54:31.064 [DEBUG] [org.gradle.cache.internal.DefaultFileLockManager] Waiting to acquire exclusive lock on daemon addresses registry.
11:54:31.065 [DEBUG] [org.gradle.cache.internal.DefaultFileLockManager] Lock acquired.
11:54:31.070 [DEBUG] [org.gradle.cache.internal.DefaultFileLockManager] Releasing lock on daemon addresses registry.
11:54:31.072 [DEBUG] [org.gradle.launcher.daemon.server.DaemonStateCoordinator] updating lastActivityAt to 1436941471072
11:54:31.072 [DEBUG] [org.gradle.launcher.daemon.server.DaemonStateCoordinator] Daemon is busy, sleeping until state changes.
11:54:31.073 [INFO] [org.gradle.launcher.daemon.server.exec.StartBuildOrRespondWithBusy] Daemon is about to start building: Build{id=977c2bde-375b-4214-a2fa-6ee9b9de9d21.1, currentDir=/Users/sowmyavi/Downloads/rest-java-master}. Dispatching build started information...
11:54:31.075 [DEBUG] [org.gradle.launcher.daemon.server.SynchronizedDispatchConnection] thread 20: dispatching class org.gradle.launcher.daemon.protocol.BuildStarted
11:54:31.077 [DEBUG] [org.gradle.launcher.daemon.server.exec.EstablishBuildEnvironment] Configuring env variables: {SHELL=/bin/zsh, HOME=/Users/sowmyavi, TMPDIR=/var/folders/cn/y6_hhyyn4s717jg8lqgdkc5m0000gp/T/, LOGNAME=sowmyavi, Apple_PubSub_Socket_Render=/tmp/launch-cpZmhX/Render, __CF_USER_TEXT_ENCODING=0x1F6:0:0, PATH=/usr/bin:/bin:/usr/sbin:/sbin, SSH_AUTH_SOCK=/tmp/launch-HlLJyO/Listeners, __CHECKFIX1436934=1, USER=sowmyavi}
11:54:31.078 [INFO] [org.gradle.launcher.daemon.server.exec.LogToClient] About to start relaying all logs to the client via the connection.
11:54:31.079 [INFO] [org.gradle.launcher.daemon.server.exec.LogToClient] The client will now receive all logging from the daemon (pid: 22320). The daemon log file: /Users/sowmyavi/.gradle/daemon/2.0/daemon-22320.out.log
11:54:31.081 [INFO] [org.gradle.launcher.daemon.server.exec.ExecuteBuild] Executing build with daemon context: DefaultDaemonContext[uid=ca4adc3b-df87-4a14-bc97-c8d0ae2b29e8,javaHome=/Library/Java/JavaVirtualMachines/jdk1.7.0_79.jdk/Contents/Home,daemonRegistryDir=/Users/sowmyavi/.gradle/daemon,pid=22320,idleTimeout=10800000,daemonOpts=-XX:MaxPermSize=256m,-XX:+HeapDumpOnOutOfMemoryError,-Xmx1024m,-Dfile.encoding=UTF-8]
11:54:31.085 [DEBUG] [org.gradle.launcher.daemon.server.SynchronizedDispatchConnection] thread 21: received class org.gradle.launcher.daemon.protocol.CloseInput
11:54:31.086 [DEBUG] [org.gradle.launcher.daemon.server.DefaultDaemonConnection] Received IO message from client: CloseInput[id=977c2bde-375b-4214-a2fa-6ee9b9de9d21.2]
11:54:31.087 [INFO] [org.gradle.launcher.daemon.server.exec.ForwardClientInput] Closing daemon's stdin at end of input.
11:54:31.087 [INFO] [org.gradle.launcher.daemon.server.exec.ForwardClientInput] The daemon will no longer process any standard input.
11:54:31.117 [DEBUG] [org.gradle.internal.resource.transport.http.JavaSystemPropertiesHttpProxySettings] Found java system property 'http.nonProxyHosts': local|*.local|169.254/16|*.169.254/16. Will ignore proxy settings for these hosts.
11:54:31.122 [INFO] [org.gradle.tooling.internal.provider.DefaultPayloadClassLoaderRegistry] Creating ClassLoader 7006d29a-4ec2-4048-afae-230101e1499a from org.gradle.internal.classloader.MutableURLClassLoader$Spec@dd4be139 and [org.gradle.internal.classloader.FilteringClassLoader@6b8ef251].

BUILD SUCCESSFUL

Total time: 3.409 secs
Download http://repo1.maven.org/maven2/org/hibernate/hibernate-core/3.6.7.Final/hibernate-core-3.6.7.Final.pom
Download http://repo1.maven.org/maven2/org/hibernate/hibernate-parent/3.6.7.Final/hibernate-parent-3.6.7.Final.pom
Download http://repo1.maven.org/maven2/org/hibernate/hibernate-entitymanager/3.6.7.Final/hibernate-entitymanager-3.6.7.Final.pom
Download http://repo1.maven.org/maven2/org/hibernate/javax/persistence/hibernate-jpa-2.0-api/1.0.0.Final/hibernate-jpa-2.0-api-1.0.0.Final.pom
Download http://repo1.maven.org/maven2/org/hibernate/hibernate-validator/4.1.0.Final/hibernate-validator-4.1.0.Final.pom
Download http://repo1.maven.org/maven2/org/hibernate/hibernate-validator-parent/4.1.0.Final/hibernate-validator-parent-4.1.0.Final.pom
Download http://repo1.maven.org/maven2/org/springframework/data/spring-data-jpa/1.1.0.RELEASE/spring-data-jpa-1.1.0.RELEASE.pom
Download http://repo1.maven.org/maven2/com/h2database/h2/1.3.154/h2-1.3.154.pom
Download http://repo1.maven.org/maven2/mysql/mysql-connector-java/5.1.16/mysql-connector-java-5.1.16.pom
Download http://repo1.maven.org/maven2/commons-dbcp/commons-dbcp/1.3/commons-dbcp-1.3.pom
Download http://repo1.maven.org/maven2/org/apache/commons/commons-parent/12/commons-parent-12.pom
Download http://repo1.maven.org/maven2/org/springframework/social/spring-social-core/1.0.2.RELEASE/spring-social-core-1.0.2.RELEASE.pom
Download http://repo1.maven.org/maven2/org/springframework/social/spring-social-facebook/1.0.1.RELEASE/spring-social-facebook-1.0.1.RELEASE.pom
Download http://repo1.maven.org/maven2/org/springframework/social/spring-social-twitter/1.0.2.RELEASE/spring-social-twitter-1.0.2.RELEASE.pom
Download http://repo1.maven.org/maven2/org/springframework/social/spring-social-test/1.0.2.RELEASE/spring-social-test-1.0.2.RELEASE.pom
Download http://repo1.maven.org/maven2/org/springframework/security/spring-security-core/3.1.2.RELEASE/spring-security-core-3.1.2.RELEASE.pom
Download http://repo1.maven.org/maven2/org/aspectj/aspectjrt/1.6.11/aspectjrt-1.6.11.pom
Download http://repo1.maven.org/maven2/org/codehaus/jackson/jackson-core-asl/1.9.3/jackson-core-asl-1.9.3.pom
Download http://repo1.maven.org/maven2/org/codehaus/jackson/jackson-mapper-asl/1.9.3/jackson-mapper-asl-1.9.3.pom
Download http://repo1.maven.org/maven2/org/codehaus/jackson/jackson-xc/1.9.3/jackson-xc-1.9.3.pom
Download http://repo1.maven.org/maven2/commons-io/commons-io/1.4/commons-io-1.4.pom
Download http://repo1.maven.org/maven2/org/apache/commons/commons-parent/7/commons-parent-7.pom
Download http://repo1.maven.org/maven2/javax/ws/rs/jsr311-api/1.1/jsr311-api-1.1.pom
Download http://repo1.maven.org/maven2/javax/annotation/jsr250-api/1.0/jsr250-api-1.0.pom
Download http://repo1.maven.org/maven2/com/sun/jersey/jersey-core/1.9.1/jersey-core-1.9.1.pom
Download http://repo1.maven.org/maven2/com/sun/jersey/jersey-project/1.9.1/jersey-project-1.9.1.pom
Download http://repo1.maven.org/maven2/net/java/jvnet-parent/1/jvnet-parent-1.pom
Download http://repo1.maven.org/maven2/com/sun/jersey/jersey-server/1.9.1/jersey-server-1.9.1.pom
Download http://repo1.maven.org/maven2/com/sun/jersey/jersey-json/1.9.1/jersey-json-1.9.1.pom
Download http://repo1.maven.org/maven2/com/sun/jersey/contribs/jersey-spring/1.9.1/jersey-spring-1.9.1.pom
Download http://repo1.maven.org/maven2/com/sun/jersey/contribs/jersey-contribs/1.9.1/jersey-contribs-1.9.1.pom
Download http://repo1.maven.org/maven2/org/springframework/spring-core/4.1.5.RELEASE/spring-core-4.1.5.RELEASE.pom
Download http://repo1.maven.org/maven2/org/springframework/spring-beans/4.1.5.RELEASE/spring-beans-4.1.5.RELEASE.pom
Download http://repo1.maven.org/maven2/org/springframework/spring-context/4.1.5.RELEASE/spring-context-4.1.5.RELEASE.pom
Download http://repo1.maven.org/maven2/org/springframework/spring-aop/4.1.5.RELEASE/spring-aop-4.1.5.RELEASE.pom
Download http://repo1.maven.org/maven2/org/springframework/spring-webmvc/4.1.5.RELEASE/spring-webmvc-4.1.5.RELEASE.pom
Download http://repo1.maven.org/maven2/org/springframework/spring-tx/4.1.5.RELEASE/spring-tx-4.1.5.RELEASE.pom
Download http://repo1.maven.org/maven2/org/springframework/spring-orm/4.1.5.RELEASE/spring-orm-4.1.5.RELEASE.pom
Download http://repo1.maven.org/maven2/org/springframework/spring-jdbc/4.1.5.RELEASE/spring-jdbc-4.1.5.RELEASE.pom
Download http://repo1.maven.org/maven2/org/springframework/spring-aspects/4.1.5.RELEASE/spring-aspects-4.1.5.RELEASE.pom
Download http://repo1.maven.org/maven2/org/aspectj/aspectjweaver/1.5.4/aspectjweaver-1.5.4.pom
Download http://repo1.maven.org/maven2/cglib/cglib/2.2/cglib-2.2.pom
Download http://repo1.maven.org/maven2/com/google/guava/guava/12.0/guava-12.0.pom
Download http://repo1.maven.org/maven2/com/google/guava/guava-parent/12.0/guava-parent-12.0.pom
Download http://repo1.maven.org/maven2/javax/validation/validation-api/1.1.0.Final/validation-api-1.1.0.Final.pom
Download http://repo1.maven.org/maven2/ch/qos/logback/logback-classic/1.0.1/logback-classic-1.0.1.pom
Download http://repo1.maven.org/maven2/ch/qos/logback/logback-parent/1.0.1/logback-parent-1.0.1.pom
Download http://repo1.maven.org/maven2/ch/qos/logback/logback-core/1.0.1/logback-core-1.0.1.pom
Download http://repo1.maven.org/maven2/org/mockito/mockito-all/1.8.5/mockito-all-1.8.5.pom
Download http://repo1.maven.org/maven2/org/springframework/integration/spring-integration-core/4.1.2.RELEASE/spring-integration-core-4.1.2.RELEASE.pom
Download http://repo1.maven.org/maven2/org/springframework/integration/spring-integration-jdbc/4.1.2.RELEASE/spring-integration-jdbc-4.1.2.RELEASE.pom
Download http://repo1.maven.org/maven2/org/springframework/integration/spring-integration-mail/4.1.2.RELEASE/spring-integration-mail-4.1.2.RELEASE.pom
Download http://repo1.maven.org/maven2/org/springframework/integration/spring-integration-http/4.1.2.RELEASE/spring-integration-http-4.1.2.RELEASE.pom
Download http://repo1.maven.org/maven2/org/apache/velocity/velocity/1.7/velocity-1.7.pom
Download http://repo1.maven.org/maven2/javax/mail/mail/1.4.5/mail-1.4.5.pom
Download http://repo1.maven.org/maven2/com/sun/mail/all/1.4.5/all-1.4.5.pom
Download http://repo1.maven.org/maven2/joda-time/joda-time/2.1/joda-time-2.1.pom
Download http://repo1.maven.org/maven2/commons-lang/commons-lang/2.6/commons-lang-2.6.pom
Download http://repo1.maven.org/maven2/commons-cli/commons-cli/1.2/commons-cli-1.2.pom
Download http://repo1.maven.org/maven2/org/apache/commons/commons-parent/11/commons-parent-11.pom
Download http://repo1.maven.org/maven2/antlr/antlr/2.7.6/antlr-2.7.6.pom
Download http://repo1.maven.org/maven2/commons-collections/commons-collections/3.1/commons-collections-3.1.pom
Download http://repo1.maven.org/maven2/dom4j/dom4j/1.6.1/dom4j-1.6.1.pom
Download http://repo1.maven.org/maven2/org/hibernate/hibernate-commons-annotations/3.2.0.Final/hibernate-commons-annotations-3.2.0.Final.pom
Download http://repo1.maven.org/maven2/javax/transaction/jta/1.1/jta-1.1.pom
Download http://repo1.maven.org/maven2/javassist/javassist/3.12.0.GA/javassist-3.12.0.GA.pom
Download http://repo1.maven.org/maven2/org/springframework/data/spring-data-commons-core/1.3.0.RELEASE/spring-data-commons-core-1.3.0.RELEASE.pom
Download http://repo1.maven.org/maven2/org/springframework/data/spring-data-commons-parent/1.3.0.RELEASE/spring-data-commons-parent-1.3.0.RELEASE.pom
Download http://repo1.maven.org/maven2/org/springframework/spring-orm/3.2.14.RELEASE/spring-orm-3.2.14.RELEASE.pom
Download http://maven.springframework.org/milestone/org/springframework/spring-orm/4.0.0.M3/spring-orm-4.0.0.M3.pom
Download http://repo1.maven.org/maven2/org/springframework/spring-tx/3.2.14.RELEASE/spring-tx-3.2.14.RELEASE.pom
Download http://maven.springframework.org/milestone/org/springframework/spring-tx/4.0.0.M3/spring-tx-4.0.0.M3.pom
Download http://repo1.maven.org/maven2/org/springframework/spring-beans/3.2.14.RELEASE/spring-beans-3.2.14.RELEASE.pom
Download http://maven.springframework.org/milestone/org/springframework/spring-beans/4.0.0.M3/spring-beans-4.0.0.M3.pom
Download http://repo1.maven.org/maven2/org/springframework/spring-core/3.2.14.RELEASE/spring-core-3.2.14.RELEASE.pom
Download http://maven.springframework.org/milestone/org/springframework/spring-core/4.0.0.M3/spring-core-4.0.0.M3.pom
Download http://repo1.maven.org/maven2/org/slf4j/jcl-over-slf4j/1.6.1/jcl-over-slf4j-1.6.1.pom
Download http://repo1.maven.org/maven2/commons-pool/commons-pool/1.5.4/commons-pool-1.5.4.pom
Download http://repo1.maven.org/maven2/org/springframework/spring-web/3.1.0.RELEASE/spring-web-3.1.0.RELEASE.pom
Download http://repo1.maven.org/maven2/org/springframework/security/spring-security-crypto/3.1.0.RELEASE/spring-security-crypto-3.1.0.RELEASE.pom
Download http://repo1.maven.org/maven2/org/springframework/spring-expression/3.0.7.RELEASE/spring-expression-3.0.7.RELEASE.pom
Download http://repo1.maven.org/maven2/asm/asm/3.1/asm-3.1.pom
Download http://repo1.maven.org/maven2/asm/asm-parent/3.1/asm-parent-3.1.pom
Download http://repo1.maven.org/maven2/org/codehaus/jettison/jettison/1.1/jettison-1.1.pom
Download http://repo1.maven.org/maven2/com/sun/xml/bind/jaxb-impl/2.2.3-1/jaxb-impl-2.2.3-1.pom
Download http://repo1.maven.org/maven2/org/codehaus/jackson/jackson-jaxrs/1.8.3/jackson-jaxrs-1.8.3.pom
Download http://repo1.maven.org/maven2/org/springframework/spring-core/2.5.6/spring-core-2.5.6.pom
Download http://repo1.maven.org/maven2/org/springframework/spring-beans/2.5.6/spring-beans-2.5.6.pom
Download http://repo1.maven.org/maven2/org/springframework/spring-context/2.5.6/spring-context-2.5.6.pom
Download http://repo1.maven.org/maven2/org/springframework/spring-web/2.5.6/spring-web-2.5.6.pom
Download http://repo1.maven.org/maven2/org/springframework/spring-aop/2.5.6/spring-aop-2.5.6.pom
Download http://repo1.maven.org/maven2/com/google/code/findbugs/jsr305/1.3.9/jsr305-1.3.9.pom
Download http://repo1.maven.org/maven2/org/projectreactor/reactor-core/1.1.4.RELEASE/reactor-core-1.1.4.RELEASE.pom
Download http://repo1.maven.org/maven2/org/springframework/retry/spring-retry/1.1.1.RELEASE/spring-retry-1.1.1.RELEASE.pom
Download http://repo1.maven.org/maven2/org/springframework/spring-framework-bom/4.0.4.RELEASE/spring-framework-bom-4.0.4.RELEASE.pom
Download http://repo1.maven.org/maven2/org/springframework/spring-messaging/4.1.4.RELEASE/spring-messaging-4.1.4.RELEASE.pom
Download http://repo1.maven.org/maven2/org/springframework/spring-context-support/4.1.4.RELEASE/spring-context-support-4.1.4.RELEASE.pom
Download http://repo1.maven.org/maven2/javax/activation/activation/1.1/activation-1.1.pom
Download http://repo1.maven.org/maven2/junit/junit-dep/4.8.2/junit-dep-4.8.2.pom
Download http://repo1.maven.org/maven2/stax/stax-api/1.0.1/stax-api-1.0.1.pom
Download http://repo1.maven.org/maven2/javax/xml/bind/jaxb-api/2.2.2/jaxb-api-2.2.2.pom
Download http://repo1.maven.org/maven2/com/goldmansachs/gs-collections/5.1.0/gs-collections-5.1.0.pom
Download http://repo1.maven.org/maven2/com/lmax/disruptor/3.2.1/disruptor-3.2.1.pom
Download http://repo1.maven.org/maven2/io/gatling/jsr166e/1.0/jsr166e-1.0.pom
Download http://repo1.maven.org/maven2/javax/xml/stream/stax-api/1.0-2/stax-api-1.0-2.pom
Download http://repo1.maven.org/maven2/com/goldmansachs/gs-collections-api/5.1.0/gs-collections-api-5.1.0.pom
Download http://repo1.maven.org/maven2/org/hibernate/hibernate-validator/4.3.1.Final/hibernate-validator-4.3.1.Final.pom
Download http://repo1.maven.org/maven2/org/hibernate/hibernate-validator-parent/4.3.1.Final/hibernate-validator-parent-4.3.1.Final.pom
Download http://repo1.maven.org/maven2/org/jboss/logging/jboss-logging/3.1.0.CR2/jboss-logging-3.1.0.CR2.pom
Download http://repo1.maven.org/maven2/org/jboss/jboss-parent/6/jboss-parent-6.pom
Download http://repo1.maven.org/maven2/org/hibernate/javax/persistence/hibernate-jpa-2.0-api/1.0.1.Final/hibernate-jpa-2.0-api-1.0.1.Final.pom
Download http://repo1.maven.org/maven2/commons-logging/commons-logging/1.2/commons-logging-1.2.pom
Download http://repo1.maven.org/maven2/org/apache/commons/commons-parent/34/commons-parent-34.pom
Download http://repo1.maven.org/maven2/org/aspectj/aspectjrt/1.6.12/aspectjrt-1.6.12.pom
Download http://repo1.maven.org/maven2/org/springframework/spring-web/4.1.5.RELEASE/spring-web-4.1.5.RELEASE.pom
Download http://repo1.maven.org/maven2/org/springframework/spring-expression/4.1.5.RELEASE/spring-expression-4.1.5.RELEASE.pom
Download http://repo1.maven.org/maven2/org/aspectj/aspectjweaver/1.8.5/aspectjweaver-1.8.5.pom
Download http://repo1.maven.org/maven2/org/slf4j/slf4j-api/1.7.7/slf4j-api-1.7.7.pom
Download http://repo1.maven.org/maven2/org/slf4j/slf4j-parent/1.7.7/slf4j-parent-1.7.7.pom
Download http://repo1.maven.org/maven2/com/google/guava/guava/16.0.1/guava-16.0.1.pom
Download http://repo1.maven.org/maven2/com/google/guava/guava-parent/16.0.1/guava-parent-16.0.1.pom
Download http://repo1.maven.org/maven2/org/springframework/spring-test/4.1.5.RELEASE/spring-test-4.1.5.RELEASE.pom
Download http://repo1.maven.org/maven2/org/hamcrest/hamcrest-all/1.1/hamcrest-all-1.1.pom
Download http://repo1.maven.org/maven2/com/sun/jersey/jersey-test-framework/1.9.1/jersey-test-framework-1.9.1.pom
Download http://repo1.maven.org/maven2/com/sun/jersey/jersey-test-framework/jersey-test-framework-grizzly2/1.9.1/jersey-test-framework-grizzly2-1.9.1.pom
Download http://repo1.maven.org/maven2/com/sun/jersey/jersey-test-framework/jersey-test-framework-core/1.9.1/jersey-test-framework-core-1.9.1.pom
Download http://repo1.maven.org/maven2/com/sun/jersey/jersey-grizzly2/1.9.1/jersey-grizzly2-1.9.1.pom
Download http://repo1.maven.org/maven2/org/glassfish/grizzly/grizzly-http/2.1.2/grizzly-http-2.1.2.pom
Download http://repo1.maven.org/maven2/org/glassfish/grizzly/grizzly-project/2.1.2/grizzly-project-2.1.2.pom
Download http://repo1.maven.org/maven2/org/glassfish/gmbal/gmbal-api-only/3.0.0-b023/gmbal-api-only-3.0.0-b023.pom
Download http://repo1.maven.org/maven2/org/glassfish/external/management-api/3.0.0-b012/management-api-3.0.0-b012.pom
Download http://repo1.maven.org/maven2/org/glassfish/grizzly/grizzly-http-server/2.1.2/grizzly-http-server-2.1.2.pom
Download http://repo1.maven.org/maven2/org/glassfish/grizzly/grizzly-rcm/2.1.2/grizzly-rcm-2.1.2.pom
Download http://repo1.maven.org/maven2/org/glassfish/grizzly/grizzly-http-servlet/2.1.2/grizzly-http-servlet-2.1.2.pom
Download http://repo1.maven.org/maven2/org/glassfish/javax.servlet/3.1/javax.servlet-3.1.pom
Download http://repo1.maven.org/maven2/org/glassfish/api-pom/3.1/api-pom-3.1.pom
Download http://repo1.maven.org/maven2/org/glassfish/glassfish-parent/3.1/glassfish-parent-3.1.pom
Download http://repo1.maven.org/maven2/org/glassfish/pom/8/pom-8.pom
Download http://repo1.maven.org/maven2/com/sun/jersey/jersey-client/1.9.1/jersey-client-1.9.1.pom
Download http://repo1.maven.org/maven2/org/codehaus/groovy/modules/http-builder/http-builder/0.5.2/http-builder-0.5.2.pom
Download http://repo1.maven.org/maven2/org/codehaus/groovy/groovy-all/2.0.0/groovy-all-2.0.0.pom
Download http://repo1.maven.org/maven2/javax/servlet/javax.servlet-api/3.0.1/javax.servlet-api-3.0.1.pom
Download http://repo1.maven.org/maven2/org/glassfish/grizzly/grizzly-framework/2.1.2/grizzly-framework-2.1.2.pom
Download http://repo1.maven.org/maven2/org/apache/httpcomponents/httpclient/4.0.3/httpclient-4.0.3.pom
Download http://repo1.maven.org/maven2/org/apache/httpcomponents/httpcomponents-client/4.0.3/httpcomponents-client-4.0.3.pom
Download http://repo1.maven.org/maven2/org/apache/httpcomponents/project/4.1/project-4.1.pom
Download http://repo1.maven.org/maven2/net/sf/json-lib/json-lib/2.3/json-lib-2.3.pom
Download http://repo1.maven.org/maven2/net/sourceforge/nekohtml/nekohtml/1.9.9/nekohtml-1.9.9.pom
Download http://repo1.maven.org/maven2/xml-resolver/xml-resolver/1.2/xml-resolver-1.2.pom
Download http://repo1.maven.org/maven2/org/apache/apache/3/apache-3.pom
Download http://repo1.maven.org/maven2/org/apache/httpcomponents/httpcore/4.0.1/httpcore-4.0.1.pom
Download http://repo1.maven.org/maven2/org/apache/httpcomponents/httpcomponents-core/4.0.1/httpcomponents-core-4.0.1.pom
Download http://repo1.maven.org/maven2/org/apache/httpcomponents/project/4.0/project-4.0.pom
Download http://repo1.maven.org/maven2/commons-beanutils/commons-beanutils/1.8.0/commons-beanutils-1.8.0.pom
Download http://repo1.maven.org/maven2/net/sf/ezmorph/ezmorph/1.0.6/ezmorph-1.0.6.pom
Download http://repo1.maven.org/maven2/xerces/xercesImpl/2.8.1/xercesImpl-2.8.1.pom
Download http://repo1.maven.org/maven2/xml-apis/xml-apis/1.3.03/xml-apis-1.3.03.pom
Download http://repo1.maven.org/maven2/org/apache/apache/1/apache-1.pom
Download http://repo1.maven.org/maven2/org/hibernate/hibernate-core/3.6.7.Final/hibernate-core-3.6.7.Final.jar
Download http://repo1.maven.org/maven2/org/hibernate/hibernate-entitymanager/3.6.7.Final/hibernate-entitymanager-3.6.7.Final.jar
Download http://repo1.maven.org/maven2/org/springframework/data/spring-data-jpa/1.1.0.RELEASE/spring-data-jpa-1.1.0.RELEASE.jar
Download http://repo1.maven.org/maven2/com/h2database/h2/1.3.154/h2-1.3.154.jar
Download http://repo1.maven.org/maven2/mysql/mysql-connector-java/5.1.16/mysql-connector-java-5.1.16.jar
Download http://repo1.maven.org/maven2/commons-dbcp/commons-dbcp/1.3/commons-dbcp-1.3.jar
Download http://repo1.maven.org/maven2/commons-codec/commons-codec/1.6/commons-codec-1.6.jar
Download http://repo1.maven.org/maven2/org/springframework/social/spring-social-core/1.0.2.RELEASE/spring-social-core-1.0.2.RELEASE.jar
Download http://repo1.maven.org/maven2/org/springframework/social/spring-social-facebook/1.0.1.RELEASE/spring-social-facebook-1.0.1.RELEASE.jar
Download http://repo1.maven.org/maven2/org/springframework/social/spring-social-twitter/1.0.2.RELEASE/spring-social-twitter-1.0.2.RELEASE.jar
Download http://repo1.maven.org/maven2/org/springframework/social/spring-social-test/1.0.2.RELEASE/spring-social-test-1.0.2.RELEASE.jar
Download http://repo1.maven.org/maven2/org/springframework/security/spring-security-core/3.1.2.RELEASE/spring-security-core-3.1.2.RELEASE.jar
Download http://repo1.maven.org/maven2/org/codehaus/jackson/jackson-core-asl/1.9.3/jackson-core-asl-1.9.3.jar
Download http://repo1.maven.org/maven2/org/codehaus/jackson/jackson-mapper-asl/1.9.3/jackson-mapper-asl-1.9.3.jar
Download http://repo1.maven.org/maven2/org/codehaus/jackson/jackson-xc/1.9.3/jackson-xc-1.9.3.jar
Download http://repo1.maven.org/maven2/commons-io/commons-io/1.4/commons-io-1.4.jar
Download http://repo1.maven.org/maven2/javax/ws/rs/jsr311-api/1.1/jsr311-api-1.1.jar
Download http://repo1.maven.org/maven2/javax/annotation/jsr250-api/1.0/jsr250-api-1.0.jar
Download http://repo1.maven.org/maven2/com/sun/jersey/jersey-core/1.9.1/jersey-core-1.9.1.jar
Download http://repo1.maven.org/maven2/com/sun/jersey/jersey-server/1.9.1/jersey-server-1.9.1.jar
Download http://repo1.maven.org/maven2/com/sun/jersey/jersey-json/1.9.1/jersey-json-1.9.1.jar
Download http://repo1.maven.org/maven2/com/sun/jersey/contribs/jersey-spring/1.9.1/jersey-spring-1.9.1.jar
Download http://repo1.maven.org/maven2/org/springframework/spring-core/4.1.5.RELEASE/spring-core-4.1.5.RELEASE.jar
Download http://repo1.maven.org/maven2/org/springframework/spring-beans/4.1.5.RELEASE/spring-beans-4.1.5.RELEASE.jar
Download http://repo1.maven.org/maven2/org/springframework/spring-context/4.1.5.RELEASE/spring-context-4.1.5.RELEASE.jar
Download http://repo1.maven.org/maven2/org/springframework/spring-aop/4.1.5.RELEASE/spring-aop-4.1.5.RELEASE.jar
Download http://repo1.maven.org/maven2/org/springframework/spring-webmvc/4.1.5.RELEASE/spring-webmvc-4.1.5.RELEASE.jar
Download http://repo1.maven.org/maven2/org/springframework/spring-tx/4.1.5.RELEASE/spring-tx-4.1.5.RELEASE.jar
Download http://repo1.maven.org/maven2/org/springframework/spring-orm/4.1.5.RELEASE/spring-orm-4.1.5.RELEASE.jar
Download http://repo1.maven.org/maven2/org/springframework/spring-jdbc/4.1.5.RELEASE/spring-jdbc-4.1.5.RELEASE.jar
Download http://repo1.maven.org/maven2/org/springframework/spring-aspects/4.1.5.RELEASE/spring-aspects-4.1.5.RELEASE.jar
Download http://repo1.maven.org/maven2/cglib/cglib/2.2/cglib-2.2.jar
Download http://repo1.maven.org/maven2/javax/validation/validation-api/1.1.0.Final/validation-api-1.1.0.Final.jar
Download http://repo1.maven.org/maven2/ch/qos/logback/logback-classic/1.0.1/logback-classic-1.0.1.jar
Download http://repo1.maven.org/maven2/ch/qos/logback/logback-core/1.0.1/logback-core-1.0.1.jar
Download http://repo1.maven.org/maven2/org/mockito/mockito-all/1.8.5/mockito-all-1.8.5.jar
Download http://repo1.maven.org/maven2/org/springframework/integration/spring-integration-core/4.1.2.RELEASE/spring-integration-core-4.1.2.RELEASE.jar
Download http://repo1.maven.org/maven2/org/springframework/integration/spring-integration-jdbc/4.1.2.RELEASE/spring-integration-jdbc-4.1.2.RELEASE.jar
Download http://repo1.maven.org/maven2/org/springframework/integration/spring-integration-mail/4.1.2.RELEASE/spring-integration-mail-4.1.2.RELEASE.jar
Download http://repo1.maven.org/maven2/org/springframework/integration/spring-integration-http/4.1.2.RELEASE/spring-integration-http-4.1.2.RELEASE.jar
Download http://repo1.maven.org/maven2/org/apache/velocity/velocity/1.7/velocity-1.7.jar
Download http://repo1.maven.org/maven2/javax/mail/mail/1.4.5/mail-1.4.5.jar
Download http://repo1.maven.org/maven2/joda-time/joda-time/2.1/joda-time-2.1.jar
Download http://repo1.maven.org/maven2/commons-lang/commons-lang/2.6/commons-lang-2.6.jar
Download http://repo1.maven.org/maven2/commons-cli/commons-cli/1.2/commons-cli-1.2.jar
Download http://repo1.maven.org/maven2/antlr/antlr/2.7.6/antlr-2.7.6.jar
Download http://repo1.maven.org/maven2/dom4j/dom4j/1.6.1/dom4j-1.6.1.jar
Download http://repo1.maven.org/maven2/org/hibernate/hibernate-commons-annotations/3.2.0.Final/hibernate-commons-annotations-3.2.0.Final.jar
Download http://repo1.maven.org/maven2/javax/transaction/jta/1.1/jta-1.1.jar
Download http://repo1.maven.org/maven2/javassist/javassist/3.12.0.GA/javassist-3.12.0.GA.jar
Download http://repo1.maven.org/maven2/org/springframework/data/spring-data-commons-core/1.3.0.RELEASE/spring-data-commons-core-1.3.0.RELEASE.jar
Download http://repo1.maven.org/maven2/org/slf4j/jcl-over-slf4j/1.6.1/jcl-over-slf4j-1.6.1.jar
Download http://repo1.maven.org/maven2/commons-pool/commons-pool/1.5.4/commons-pool-1.5.4.jar
Download http://repo1.maven.org/maven2/org/springframework/security/spring-security-crypto/3.1.0.RELEASE/spring-security-crypto-3.1.0.RELEASE.jar
Download http://repo1.maven.org/maven2/asm/asm/3.1/asm-3.1.jar
Download http://repo1.maven.org/maven2/org/codehaus/jettison/jettison/1.1/jettison-1.1.jar
Download http://repo1.maven.org/maven2/com/sun/xml/bind/jaxb-impl/2.2.3-1/jaxb-impl-2.2.3-1.jar
Download http://repo1.maven.org/maven2/org/codehaus/jackson/jackson-jaxrs/1.8.3/jackson-jaxrs-1.8.3.jar
Download http://repo1.maven.org/maven2/org/projectreactor/reactor-core/1.1.4.RELEASE/reactor-core-1.1.4.RELEASE.jar
Download http://repo1.maven.org/maven2/org/springframework/retry/spring-retry/1.1.1.RELEASE/spring-retry-1.1.1.RELEASE.jar
Download http://repo1.maven.org/maven2/org/springframework/spring-messaging/4.1.4.RELEASE/spring-messaging-4.1.4.RELEASE.jar
Download http://repo1.maven.org/maven2/org/springframework/spring-context-support/4.1.4.RELEASE/spring-context-support-4.1.4.RELEASE.jar
Download http://repo1.maven.org/maven2/javax/activation/activation/1.1/activation-1.1.jar
Download http://repo1.maven.org/maven2/junit/junit-dep/4.8.2/junit-dep-4.8.2.jar
Download http://repo1.maven.org/maven2/stax/stax-api/1.0.1/stax-api-1.0.1.jar
Download http://repo1.maven.org/maven2/javax/xml/bind/jaxb-api/2.2.2/jaxb-api-2.2.2.jar
Download http://repo1.maven.org/maven2/com/goldmansachs/gs-collections/5.1.0/gs-collections-5.1.0.jar
Download http://repo1.maven.org/maven2/com/lmax/disruptor/3.2.1/disruptor-3.2.1.jar
Download http://repo1.maven.org/maven2/io/gatling/jsr166e/1.0/jsr166e-1.0.jar
Download http://repo1.maven.org/maven2/javax/xml/stream/stax-api/1.0-2/stax-api-1.0-2.jar
Download http://repo1.maven.org/maven2/com/goldmansachs/gs-collections-api/5.1.0/gs-collections-api-5.1.0.jar
Download http://repo1.maven.org/maven2/org/hibernate/hibernate-validator/4.3.1.Final/hibernate-validator-4.3.1.Final.jar
Download http://repo1.maven.org/maven2/org/jboss/logging/jboss-logging/3.1.0.CR2/jboss-logging-3.1.0.CR2.jar
Download http://repo1.maven.org/maven2/org/hibernate/javax/persistence/hibernate-jpa-2.0-api/1.0.1.Final/hibernate-jpa-2.0-api-1.0.1.Final.jar
Download http://repo1.maven.org/maven2/commons-logging/commons-logging/1.2/commons-logging-1.2.jar
Download http://repo1.maven.org/maven2/org/aspectj/aspectjrt/1.6.12/aspectjrt-1.6.12.jar
Download http://repo1.maven.org/maven2/org/springframework/spring-web/4.1.5.RELEASE/spring-web-4.1.5.RELEASE.jar
Download http://repo1.maven.org/maven2/org/springframework/spring-expression/4.1.5.RELEASE/spring-expression-4.1.5.RELEASE.jar
Download http://repo1.maven.org/maven2/org/aspectj/aspectjweaver/1.8.5/aspectjweaver-1.8.5.jar
Download http://repo1.maven.org/maven2/org/slf4j/slf4j-api/1.7.7/slf4j-api-1.7.7.jar
Download http://repo1.maven.org/maven2/com/google/guava/guava/16.0.1/guava-16.0.1.jar
12:04:43.654 [DEBUG] [org.gradle.cache.internal.btree.BTreePersistentIndexedCache] Closing cache module-versions.bin (/Users/sowmyavi/.gradle/caches/modules-2/metadata-2.12/module-versions.bin)
12:04:43.655 [DEBUG] [org.gradle.cache.internal.btree.BTreePersistentIndexedCache] Closing cache module-metadata.bin (/Users/sowmyavi/.gradle/caches/modules-2/metadata-2.12/module-metadata.bin)
12:04:43.655 [DEBUG] [org.gradle.cache.internal.btree.BTreePersistentIndexedCache] Closing cache artifact-at-repository.bin (/Users/sowmyavi/.gradle/caches/modules-2/metadata-2.12/artifact-at-repository.bin)
12:04:43.656 [DEBUG] [org.gradle.cache.internal.btree.BTreePersistentIndexedCache] Closing cache module-artifacts.bin (/Users/sowmyavi/.gradle/caches/modules-2/metadata-2.12/module-artifacts.bin)
12:04:43.656 [DEBUG] [org.gradle.cache.internal.btree.BTreePersistentIndexedCache] Closing cache artifact-at-url.bin (/Users/sowmyavi/.gradle/caches/modules-2/metadata-2.12/artifact-at-url.bin)
12:04:43.657 [DEBUG] [org.gradle.cache.internal.DefaultFileLockManager] Releasing lock on artifact cache (/Users/sowmyavi/.gradle/caches/modules-2).
12:04:43.657 [DEBUG] [org.gradle.cache.internal.DefaultFileLockManager] Releasing lock on initscript class cache for initialization script '/private/var/folders/cn/y6_hhyyn4s717jg8lqgdkc5m0000gp/T/ijinit8.gradle' (/Users/sowmyavi/.gradle/caches/2.0/scripts/ijinit8_6thl51ord02da7lkf2vth2q05l/InitScript/initscript).
12:04:43.657 [DEBUG] [org.gradle.cache.internal.DefaultFileLockManager] Releasing lock on no_initscript class cache for initialization script '/private/var/folders/cn/y6_hhyyn4s717jg8lqgdkc5m0000gp/T/ijinit8.gradle' (/Users/sowmyavi/.gradle/caches/2.0/scripts/ijinit8_6thl51ord02da7lkf2vth2q05l/InitScript/no_initscript).
12:04:43.658 [DEBUG] [org.gradle.cache.internal.DefaultFileLockManager] Releasing lock on buildscript class cache for build file '/Users/sowmyavi/Downloads/rest-java-master/build.gradle' (/Users/sowmyavi/.gradle/caches/2.0/scripts/build_18i8f3fi5tlea00kk0g6dbs34s/ProjectScript/buildscript).
12:04:43.658 [DEBUG] [org.gradle.cache.internal.DefaultFileLockManager] Releasing lock on no_buildscript class cache for build file '/Users/sowmyavi/Downloads/rest-java-master/build.gradle' (/Users/sowmyavi/.gradle/caches/2.0/scripts/build_18i8f3fi5tlea00kk0g6dbs34s/ProjectScript/no_buildscript).
12:04:43.661 [DEBUG] [org.gradle.api.internal.artifacts.ivyservice.ivyresolve.memcache.InMemoryCachedRepositoryFactory] In-memory dependency metadata cache closed. Repos cached: 14, cache instances: 3, modules served from cache: 268, artifacts: 44
12:04:43.664 [DEBUG] [org.gradle.api.internal.artifacts.ivyservice.resolveengine.store.CachedStoreFactory] Resolution result cache closed. Cache reads: 0, disk reads: 6 (avg: 0.009 secs, total: 0.055 secs)
12:04:43.664 [DEBUG] [org.gradle.api.internal.artifacts.ivyservice.resolveengine.store.CachedStoreFactory] Resolved configuration cache closed. Cache reads: 0, disk reads: 0 (avg: 0.0 secs, total: 0.0 secs)
12:04:43.664 [DEBUG] [org.gradle.api.internal.artifacts.ivyservice.resolveengine.store.ResolutionResultsStoreFactory] Deleted 2 resolution results binary files in 0.001 secs
12:04:43.665 [DEBUG] [org.gradle.launcher.daemon.server.exec.ExecuteBuild] The daemon has finished executing the build.
12:04:43.665 [DEBUG] [org.gradle.launcher.daemon.server.exec.ReturnResult] Daemon is dispatching the build result: DaemonCommandResult[type=Success, value=org.gradle.tooling.internal.provider.BuildActionResult@29217ce]
12:04:43.666 [DEBUG] [org.gradle.launcher.daemon.server.SynchronizedDispatchConnection] thread 20: dispatching class org.gradle.launcher.daemon.protocol.Success
12:04:43.674 [DEBUG] [org.gradle.launcher.daemon.server.DaemonStateCoordinator] onFinishCommand() called while execution = DaemonCommandExecution[command = Build{id=977c2bde-375b-4214-a2fa-6ee9b9de9d21.1, currentDir=/Users/sowmyavi/Downloads/rest-java-master}, connection = org.gradle.launcher.daemon.server.DefaultDaemonConnection@59f40e83]
12:04:43.674 [DEBUG] [org.gradle.launcher.daemon.server.DaemonStateCoordinator] updating lastActivityAt to 1436942083674
12:04:43.674 [INFO] [org.gradle.launcher.daemon.server.DomainRegistryUpdater] Marking the daemon as idle, address: [0541d5fb-1bd4-4e3b-9b20-eade7b2c1c90 port:63631, addresses:[/0:0:0:0:0:0:0:1, /127.0.0.1]]
12:04:43.675 [DEBUG] [org.gradle.launcher.daemon.registry.PersistentDaemonRegistry] Marking idle by address: [0541d5fb-1bd4-4e3b-9b20-eade7b2c1c90 port:63631, addresses:[/0:0:0:0:0:0:0:1, /127.0.0.1]]
12:04:43.675 [DEBUG] [org.gradle.cache.internal.DefaultFileLockManager] Waiting to acquire exclusive lock on daemon addresses registry.
12:04:43.676 [DEBUG] [org.gradle.cache.internal.DefaultFileLockManager] Lock acquired.
12:04:43.679 [DEBUG] [org.gradle.cache.internal.DefaultFileLockManager] Releasing lock on daemon addresses registry.
12:04:44.253 [DEBUG] [org.gradle.launcher.daemon.server.DefaultIncomingConnectionHandler] Finishing executing command: Build{id=977c2bde-375b-4214-a2fa-6ee9b9de9d21.1, currentDir=/Users/sowmyavi/Downloads/rest-java-master}
12:04:44.254 [DEBUG] [org.gradle.launcher.daemon.server.SynchronizedDispatchConnection] thread 21: received class org.gradle.launcher.daemon.protocol.Finished
12:04:44.253 [DEBUG] [org.gradle.launcher.daemon.server.DaemonStateCoordinator] Daemon is idle, sleeping until state change or idle timeout at Wed Jul 15 15:04:43 IST 2015
12:04:44.255 [DEBUG] [org.gradle.launcher.daemon.server.DefaultDaemonConnection] Received non-IO message from client: org.gradle.launcher.daemon.protocol.Finished@f70f879
12:04:44.256 [DEBUG] [org.gradle.launcher.daemon.server.DefaultIncomingConnectionHandler] Received finished message: org.gradle.launcher.daemon.protocol.Finished@f70f879
12:04:44.256 [DEBUG] [org.gradle.launcher.daemon.server.SynchronizedDispatchConnection] thread 21: received null
12:04:44.256 [DEBUG] [org.gradle.launcher.daemon.server.SynchronizedDispatchConnection] thread 20: stopping connection
12:04:44.257 [DEBUG] [org.gradle.launcher.daemon.server.DefaultDaemonConnection] Received end-of-input from client.
12:04:44.258 [DEBUG] [org.gradle.launcher.daemon.server.SynchronizedDispatchConnection] thread 20: stopping connection
12:07:24.755 [DEBUG] [org.gradle.messaging.remote.internal.inet.TcpIncomingConnector] Accepted connection from /127.0.0.1:63748 to /127.0.0.1:63631.
12:07:24.770 [DEBUG] [org.gradle.launcher.daemon.server.SynchronizedDispatchConnection] thread 24: received class org.gradle.launcher.daemon.protocol.Build
12:07:24.771 [DEBUG] [org.gradle.launcher.daemon.server.DefaultDaemonConnection] Received non-IO message from client: Build{id=1aa4af3a-a7e3-4552-8d2d-b67428c8f014.1, currentDir=/Applications/IntelliJ IDEA 14.app/Contents/bin}
12:07:24.771 [INFO] [org.gradle.launcher.daemon.server.DefaultIncomingConnectionHandler] Received command: Build{id=1aa4af3a-a7e3-4552-8d2d-b67428c8f014.1, currentDir=/Applications/IntelliJ IDEA 14.app/Contents/bin}.
12:07:24.772 [DEBUG] [org.gradle.launcher.daemon.server.DefaultIncomingConnectionHandler] Starting executing command: Build{id=1aa4af3a-a7e3-4552-8d2d-b67428c8f014.1, currentDir=/Applications/IntelliJ IDEA 14.app/Contents/bin} with connection: socket connection at /127.0.0.1:63631 with /127.0.0.1:63748.
12:07:24.773 [DEBUG] [org.gradle.launcher.daemon.server.DaemonStateCoordinator] onStartCommand(DaemonCommandExecution[command = Build{id=1aa4af3a-a7e3-4552-8d2d-b67428c8f014.1, currentDir=/Applications/IntelliJ IDEA 14.app/Contents/bin}, connection = org.gradle.launcher.daemon.server.DefaultDaemonConnection@5e3445aa]) called after 2.0 minutes of idle
12:07:24.773 [INFO] [org.gradle.launcher.daemon.server.DomainRegistryUpdater] Marking the daemon as busy, address: [0541d5fb-1bd4-4e3b-9b20-eade7b2c1c90 port:63631, addresses:[/0:0:0:0:0:0:0:1, /127.0.0.1]]
12:07:24.774 [DEBUG] [org.gradle.launcher.daemon.registry.PersistentDaemonRegistry] Marking busy by address: [0541d5fb-1bd4-4e3b-9b20-eade7b2c1c90 port:63631, addresses:[/0:0:0:0:0:0:0:1, /127.0.0.1]]
12:07:24.774 [DEBUG] [org.gradle.cache.internal.DefaultFileLockManager] Waiting to acquire exclusive lock on daemon addresses registry.
12:07:24.775 [DEBUG] [org.gradle.cache.internal.DefaultFileLockManager] Lock acquired.
12:07:24.778 [DEBUG] [org.gradle.cache.internal.DefaultFileLockManager] Releasing lock on daemon addresses registry.
12:07:24.778 [DEBUG] [org.gradle.launcher.daemon.server.DaemonStateCoordinator] updating lastActivityAt to 1436942244778
12:07:24.779 [DEBUG] [org.gradle.launcher.daemon.server.DaemonStateCoordinator] Daemon is busy, sleeping until state changes.
12:07:24.779 [INFO] [org.gradle.launcher.daemon.server.exec.StartBuildOrRespondWithBusy] Daemon is about to start building: Build{id=1aa4af3a-a7e3-4552-8d2d-b67428c8f014.1, currentDir=/Applications/IntelliJ IDEA 14.app/Contents/bin}. Dispatching build started information...
12:07:24.780 [DEBUG] [org.gradle.launcher.daemon.server.SynchronizedDispatchConnection] thread 23: dispatching class org.gradle.launcher.daemon.protocol.BuildStarted
12:07:24.781 [DEBUG] [org.gradle.launcher.daemon.server.exec.EstablishBuildEnvironment] Configuring env variables: {SHELL=/bin/zsh, HOME=/Users/sowmyavi, TMPDIR=/var/folders/cn/y6_hhyyn4s717jg8lqgdkc5m0000gp/T/, LOGNAME=sowmyavi, Apple_PubSub_Socket_Render=/tmp/launch-cpZmhX/Render, __CF_USER_TEXT_ENCODING=0x1F6:0:0, PATH=/usr/bin:/bin:/usr/sbin:/sbin, SSH_AUTH_SOCK=/tmp/launch-HlLJyO/Listeners, __CHECKFIX1436934=1, USER=sowmyavi}
12:07:24.782 [INFO] [org.gradle.launcher.daemon.server.exec.LogToClient] About to start relaying all logs to the client via the connection.
12:07:24.783 [DEBUG] [org.gradle.launcher.daemon.server.SynchronizedDispatchConnection] thread 24: received class org.gradle.launcher.daemon.protocol.CloseInput
12:07:24.783 [INFO] [org.gradle.launcher.daemon.server.exec.LogToClient] The client will now receive all logging from the daemon (pid: 22320). The daemon log file: /Users/sowmyavi/.gradle/daemon/2.0/daemon-22320.out.log
12:07:24.783 [DEBUG] [org.gradle.launcher.daemon.server.DefaultDaemonConnection] Received IO message from client: CloseInput[id=1aa4af3a-a7e3-4552-8d2d-b67428c8f014.2]
12:07:24.785 [INFO] [org.gradle.launcher.daemon.server.exec.ExecuteBuild] Executing build with daemon context: DefaultDaemonContext[uid=ca4adc3b-df87-4a14-bc97-c8d0ae2b29e8,javaHome=/Library/Java/JavaVirtualMachines/jdk1.7.0_79.jdk/Contents/Home,daemonRegistryDir=/Users/sowmyavi/.gradle/daemon,pid=22320,idleTimeout=10800000,daemonOpts=-XX:MaxPermSize=256m,-XX:+HeapDumpOnOutOfMemoryError,-Xmx1024m,-Dfile.encoding=UTF-8]
12:07:24.785 [INFO] [org.gradle.launcher.daemon.server.exec.ForwardClientInput] Closing daemon's stdin at end of input.
12:07:24.785 [INFO] [org.gradle.launcher.daemon.server.exec.ForwardClientInput] The daemon will no longer process any standard input.
12:07:24.802 [DEBUG] [org.gradle.internal.resource.transport.http.JavaSystemPropertiesHttpProxySettings] Found java system property 'http.nonProxyHosts': local|*.local|169.254/16|*.169.254/16. Will ignore proxy settings for these hosts.
:wrapper UP-TO-DATE

BUILD SUCCESSFUL

Total time: 40.693 secs
12:07:25.324 [DEBUG] [org.gradle.cache.internal.btree.BTreePersistentIndexedCache] Closing cache module-metadata.bin (/Users/sowmyavi/.gradle/caches/modules-2/metadata-2.12/module-metadata.bin)
12:07:25.325 [DEBUG] [org.gradle.cache.internal.btree.BTreePersistentIndexedCache] Closing cache artifact-at-repository.bin (/Users/sowmyavi/.gradle/caches/modules-2/metadata-2.12/artifact-at-repository.bin)
12:07:25.325 [DEBUG] [org.gradle.cache.internal.DefaultFileLockManager] Releasing lock on artifact cache (/Users/sowmyavi/.gradle/caches/modules-2).
12:07:25.326 [DEBUG] [org.gradle.cache.internal.DefaultFileLockManager] Releasing lock on initscript class cache for initialization script '/private/var/folders/cn/y6_hhyyn4s717jg8lqgdkc5m0000gp/T/wrap9.gradle' (/Users/sowmyavi/.gradle/caches/2.0/scripts/wrap9_37h4pteovs3pl2o503mma3810/InitScript/initscript).
12:07:25.326 [DEBUG] [org.gradle.cache.internal.DefaultFileLockManager] Releasing lock on no_initscript class cache for initialization script '/private/var/folders/cn/y6_hhyyn4s717jg8lqgdkc5m0000gp/T/wrap9.gradle' (/Users/sowmyavi/.gradle/caches/2.0/scripts/wrap9_37h4pteovs3pl2o503mma3810/InitScript/no_initscript).
12:07:25.327 [DEBUG] [org.gradle.cache.internal.DefaultFileLockManager] Releasing lock on buildscript class cache for build file '/Users/sowmyavi/Downloads/rest-java-master/build.gradle' (/Users/sowmyavi/.gradle/caches/2.0/scripts/build_18i8f3fi5tlea00kk0g6dbs34s/ProjectScript/buildscript).
12:07:25.327 [DEBUG] [org.gradle.cache.internal.DefaultFileLockManager] Releasing lock on no_buildscript class cache for build file '/Users/sowmyavi/Downloads/rest-java-master/build.gradle' (/Users/sowmyavi/.gradle/caches/2.0/scripts/build_18i8f3fi5tlea00kk0g6dbs34s/ProjectScript/no_buildscript).
12:07:25.330 [DEBUG] [org.gradle.cache.internal.DefaultFileLockManager] Releasing lock on task history cache (/Users/sowmyavi/Downloads/rest-java-master/.gradle/2.0/taskArtifacts).
12:07:25.331 [DEBUG] [org.gradle.api.internal.artifacts.ivyservice.ivyresolve.memcache.InMemoryCachedRepositoryFactory] In-memory dependency metadata cache closed. Repos cached: 2, cache instances: 2, modules served from cache: 0, artifacts: 0
12:07:25.332 [DEBUG] [org.gradle.api.internal.artifacts.ivyservice.resolveengine.store.CachedStoreFactory] Resolution result cache closed. Cache reads: 0, disk reads: 0 (avg: 0.0 secs, total: 0.0 secs)
12:07:25.332 [DEBUG] [org.gradle.api.internal.artifacts.ivyservice.resolveengine.store.CachedStoreFactory] Resolved configuration cache closed. Cache reads: 0, disk reads: 0 (avg: 0.0 secs, total: 0.0 secs)
12:07:25.333 [DEBUG] [org.gradle.api.internal.artifacts.ivyservice.resolveengine.store.ResolutionResultsStoreFactory] Deleted 2 resolution results binary files in 0.002 secs
12:07:25.333 [DEBUG] [org.gradle.launcher.daemon.server.exec.ExecuteBuild] The daemon has finished executing the build.
12:07:25.334 [DEBUG] [org.gradle.launcher.daemon.server.exec.ReturnResult] Daemon is dispatching the build result: DaemonCommandResult[type=Success, value=org.gradle.tooling.internal.provider.BuildActionResult@32337050]
12:07:25.334 [DEBUG] [org.gradle.launcher.daemon.server.SynchronizedDispatchConnection] thread 23: dispatching class org.gradle.launcher.daemon.protocol.Success
12:07:25.335 [DEBUG] [org.gradle.launcher.daemon.server.DaemonStateCoordinator] onFinishCommand() called while execution = DaemonCommandExecution[command = Build{id=1aa4af3a-a7e3-4552-8d2d-b67428c8f014.1, currentDir=/Applications/IntelliJ IDEA 14.app/Contents/bin}, connection = org.gradle.launcher.daemon.server.DefaultDaemonConnection@5e3445aa]
12:07:25.335 [DEBUG] [org.gradle.launcher.daemon.server.DaemonStateCoordinator] updating lastActivityAt to 1436942245335
12:07:25.336 [INFO] [org.gradle.launcher.daemon.server.DomainRegistryUpdater] Marking the daemon as idle, address: [0541d5fb-1bd4-4e3b-9b20-eade7b2c1c90 port:63631, addresses:[/0:0:0:0:0:0:0:1, /127.0.0.1]]
12:07:25.336 [DEBUG] [org.gradle.launcher.daemon.registry.PersistentDaemonRegistry] Marking idle by address: [0541d5fb-1bd4-4e3b-9b20-eade7b2c1c90 port:63631, addresses:[/0:0:0:0:0:0:0:1, /127.0.0.1]]
12:07:25.336 [DEBUG] [org.gradle.cache.internal.DefaultFileLockManager] Waiting to acquire exclusive lock on daemon addresses registry.
12:07:25.337 [DEBUG] [org.gradle.cache.internal.DefaultFileLockManager] Lock acquired.
12:07:25.339 [DEBUG] [org.gradle.cache.internal.DefaultFileLockManager] Releasing lock on daemon addresses registry.
12:07:25.875 [DEBUG] [org.gradle.launcher.daemon.server.DaemonStateCoordinator] Daemon is idle, sleeping until state change or idle timeout at Wed Jul 15 15:07:25 IST 2015
12:07:25.875 [DEBUG] [org.gradle.launcher.daemon.server.DefaultIncomingConnectionHandler] Finishing executing command: Build{id=1aa4af3a-a7e3-4552-8d2d-b67428c8f014.1, currentDir=/Applications/IntelliJ IDEA 14.app/Contents/bin}
12:07:44.863 [DEBUG] [org.gradle.launcher.daemon.server.SynchronizedDispatchConnection] thread 24: received class org.gradle.launcher.daemon.protocol.Finished
12:07:44.864 [DEBUG] [org.gradle.launcher.daemon.server.DefaultDaemonConnection] Received non-IO message from client: org.gradle.launcher.daemon.protocol.Finished@5e128582
12:07:44.864 [DEBUG] [org.gradle.launcher.daemon.server.DefaultIncomingConnectionHandler] Received finished message: org.gradle.launcher.daemon.protocol.Finished@5e128582
12:07:44.864 [DEBUG] [org.gradle.launcher.daemon.server.SynchronizedDispatchConnection] thread 24: received null
12:07:44.865 [DEBUG] [org.gradle.launcher.daemon.server.SynchronizedDispatchConnection] thread 23: stopping connection
12:07:44.866 [DEBUG] [org.gradle.launcher.daemon.server.DefaultDaemonConnection] Received end-of-input from client.
12:07:44.867 [DEBUG] [org.gradle.launcher.daemon.server.SynchronizedDispatchConnection] thread 23: stopping connection
12:09:04.912 [DEBUG] [org.gradle.messaging.remote.internal.inet.TcpIncomingConnector] Accepted connection from /127.0.0.1:63750 to /127.0.0.1:63631.
12:09:04.925 [DEBUG] [org.gradle.launcher.daemon.server.SynchronizedDispatchConnection] thread 27: received class org.gradle.launcher.daemon.protocol.Build
12:09:04.926 [DEBUG] [org.gradle.launcher.daemon.server.DefaultDaemonConnection] Received non-IO message from client: Build{id=db7f7003-efc6-423b-9a1b-a414d1ded51b.1, currentDir=/Users/sowmyavi/Downloads/rest-java-master}
12:09:04.926 [INFO] [org.gradle.launcher.daemon.server.DefaultIncomingConnectionHandler] Received command: Build{id=db7f7003-efc6-423b-9a1b-a414d1ded51b.1, currentDir=/Users/sowmyavi/Downloads/rest-java-master}.
12:09:04.927 [DEBUG] [org.gradle.launcher.daemon.server.DefaultIncomingConnectionHandler] Starting executing command: Build{id=db7f7003-efc6-423b-9a1b-a414d1ded51b.1, currentDir=/Users/sowmyavi/Downloads/rest-java-master} with connection: socket connection at /127.0.0.1:63631 with /127.0.0.1:63750.
12:09:04.928 [DEBUG] [org.gradle.launcher.daemon.server.DaemonStateCoordinator] onStartCommand(DaemonCommandExecution[command = Build{id=db7f7003-efc6-423b-9a1b-a414d1ded51b.1, currentDir=/Users/sowmyavi/Downloads/rest-java-master}, connection = org.gradle.launcher.daemon.server.DefaultDaemonConnection@61e9e4be]) called after 1.0 minutes of idle
12:09:04.928 [INFO] [org.gradle.launcher.daemon.server.DomainRegistryUpdater] Marking the daemon as busy, address: [0541d5fb-1bd4-4e3b-9b20-eade7b2c1c90 port:63631, addresses:[/0:0:0:0:0:0:0:1, /127.0.0.1]]
12:09:04.929 [DEBUG] [org.gradle.launcher.daemon.registry.PersistentDaemonRegistry] Marking busy by address: [0541d5fb-1bd4-4e3b-9b20-eade7b2c1c90 port:63631, addresses:[/0:0:0:0:0:0:0:1, /127.0.0.1]]
12:09:04.930 [DEBUG] [org.gradle.cache.internal.DefaultFileLockManager] Waiting to acquire exclusive lock on daemon addresses registry.
12:09:04.930 [DEBUG] [org.gradle.cache.internal.DefaultFileLockManager] Lock acquired.
12:09:04.934 [DEBUG] [org.gradle.cache.internal.DefaultFileLockManager] Releasing lock on daemon addresses registry.
12:09:04.935 [DEBUG] [org.gradle.launcher.daemon.server.DaemonStateCoordinator] updating lastActivityAt to 1436942344935
12:09:04.935 [DEBUG] [org.gradle.launcher.daemon.server.DaemonStateCoordinator] Daemon is busy, sleeping until state changes.
12:09:04.935 [INFO] [org.gradle.launcher.daemon.server.exec.StartBuildOrRespondWithBusy] Daemon is about to start building: Build{id=db7f7003-efc6-423b-9a1b-a414d1ded51b.1, currentDir=/Users/sowmyavi/Downloads/rest-java-master}. Dispatching build started information...
12:09:04.936 [DEBUG] [org.gradle.launcher.daemon.server.SynchronizedDispatchConnection] thread 26: dispatching class org.gradle.launcher.daemon.protocol.BuildStarted
12:09:04.938 [DEBUG] [org.gradle.launcher.daemon.server.exec.EstablishBuildEnvironment] Configuring env variables: {SHELL=/bin/zsh, HOME=/Users/sowmyavi, TMPDIR=/var/folders/cn/y6_hhyyn4s717jg8lqgdkc5m0000gp/T/, LOGNAME=sowmyavi, Apple_PubSub_Socket_Render=/tmp/launch-cpZmhX/Render, __CF_USER_TEXT_ENCODING=0x1F6:0:0, PATH=/usr/bin:/bin:/usr/sbin:/sbin, SSH_AUTH_SOCK=/tmp/launch-HlLJyO/Listeners, __CHECKFIX1436934=1, USER=sowmyavi}
12:09:04.939 [INFO] [org.gradle.launcher.daemon.server.exec.LogToClient] About to start relaying all logs to the client via the connection.
12:09:04.940 [INFO] [org.gradle.launcher.daemon.server.exec.LogToClient] The client will now receive all logging from the daemon (pid: 22320). The daemon log file: /Users/sowmyavi/.gradle/daemon/2.0/daemon-22320.out.log
12:09:04.941 [INFO] [org.gradle.launcher.daemon.server.exec.ExecuteBuild] Executing build with daemon context: DefaultDaemonContext[uid=ca4adc3b-df87-4a14-bc97-c8d0ae2b29e8,javaHome=/Library/Java/JavaVirtualMachines/jdk1.7.0_79.jdk/Contents/Home,daemonRegistryDir=/Users/sowmyavi/.gradle/daemon,pid=22320,idleTimeout=10800000,daemonOpts=-XX:MaxPermSize=256m,-XX:+HeapDumpOnOutOfMemoryError,-Xmx1024m,-Dfile.encoding=UTF-8]
12:09:04.960 [DEBUG] [org.gradle.internal.resource.transport.http.JavaSystemPropertiesHttpProxySettings] Found java system property 'http.nonProxyHosts': local|*.local|169.254/16|*.169.254/16. Will ignore proxy settings for these hosts.

BUILD SUCCESSFUL

Total time: 1 mins 20.738 secs
Download http://repo1.maven.org/maven2/org/springframework/spring-test/4.1.5.RELEASE/spring-test-4.1.5.RELEASE.jar
Download http://repo1.maven.org/maven2/org/hamcrest/hamcrest-all/1.1/hamcrest-all-1.1.jar
Download http://repo1.maven.org/maven2/com/sun/jersey/jersey-test-framework/jersey-test-framework-grizzly2/1.9.1/jersey-test-framework-grizzly2-1.9.1.jar
Download http://repo1.maven.org/maven2/com/sun/jersey/jersey-test-framework/jersey-test-framework-core/1.9.1/jersey-test-framework-core-1.9.1.jar
Download http://repo1.maven.org/maven2/com/sun/jersey/jersey-grizzly2/1.9.1/jersey-grizzly2-1.9.1.jar
Download http://repo1.maven.org/maven2/org/glassfish/grizzly/grizzly-http/2.1.2/grizzly-http-2.1.2.jar
Download http://repo1.maven.org/maven2/org/glassfish/gmbal/gmbal-api-only/3.0.0-b023/gmbal-api-only-3.0.0-b023.jar
Download http://repo1.maven.org/maven2/org/glassfish/external/management-api/3.0.0-b012/management-api-3.0.0-b012.jar
Download http://repo1.maven.org/maven2/org/glassfish/grizzly/grizzly-http-server/2.1.2/grizzly-http-server-2.1.2.jar
Download http://repo1.maven.org/maven2/org/glassfish/grizzly/grizzly-rcm/2.1.2/grizzly-rcm-2.1.2.jar
Download http://repo1.maven.org/maven2/org/glassfish/grizzly/grizzly-http-servlet/2.1.2/grizzly-http-servlet-2.1.2.jar
Download http://repo1.maven.org/maven2/org/glassfish/javax.servlet/3.1/javax.servlet-3.1.jar
Download http://repo1.maven.org/maven2/com/sun/jersey/jersey-client/1.9.1/jersey-client-1.9.1.jar
Download http://repo1.maven.org/maven2/org/codehaus/groovy/modules/http-builder/http-builder/0.5.2/http-builder-0.5.2.jar
Download http://repo1.maven.org/maven2/javax/servlet/javax.servlet-api/3.0.1/javax.servlet-api-3.0.1.jar
Download http://repo1.maven.org/maven2/org/glassfish/grizzly/grizzly-framework/2.1.2/grizzly-framework-2.1.2.jar
Download http://repo1.maven.org/maven2/org/apache/httpcomponents/httpclient/4.0.3/httpclient-4.0.3.jar
Download http://repo1.maven.org/maven2/net/sf/json-lib/json-lib/2.3/json-lib-2.3-jdk15.jar
Download http://repo1.maven.org/maven2/net/sourceforge/nekohtml/nekohtml/1.9.9/nekohtml-1.9.9.jar
Download http://repo1.maven.org/maven2/xml-resolver/xml-resolver/1.2/xml-resolver-1.2.jar
Download http://repo1.maven.org/maven2/org/apache/httpcomponents/httpcore/4.0.1/httpcore-4.0.1.jar
Download http://repo1.maven.org/maven2/commons-beanutils/commons-beanutils/1.8.0/commons-beanutils-1.8.0.jar
Download http://repo1.maven.org/maven2/net/sf/ezmorph/ezmorph/1.0.6/ezmorph-1.0.6.jar
Download http://repo1.maven.org/maven2/xerces/xercesImpl/2.8.1/xercesImpl-2.8.1.jar
Download http://repo1.maven.org/maven2/xml-apis/xml-apis/1.3.03/xml-apis-1.3.03.jar
Download http://repo1.maven.org/maven2/org/hibernate/hibernate-core/3.6.7.Final/hibernate-core-3.6.7.Final-sources.jar
Download http://repo1.maven.org/maven2/org/hibernate/hibernate-entitymanager/3.6.7.Final/hibernate-entitymanager-3.6.7.Final-sources.jar
Download http://repo1.maven.org/maven2/org/springframework/data/spring-data-jpa/1.1.0.RELEASE/spring-data-jpa-1.1.0.RELEASE-sources.jar
Download http://repo1.maven.org/maven2/com/h2database/h2/1.3.154/h2-1.3.154-sources.jar
Download http://repo1.maven.org/maven2/commons-dbcp/commons-dbcp/1.3/commons-dbcp-1.3-sources.jar
Download http://repo1.maven.org/maven2/commons-codec/commons-codec/1.6/commons-codec-1.6-sources.jar
Download http://repo1.maven.org/maven2/org/springframework/social/spring-social-core/1.0.2.RELEASE/spring-social-core-1.0.2.RELEASE-sources.jar
Download http://repo1.maven.org/maven2/org/springframework/social/spring-social-facebook/1.0.1.RELEASE/spring-social-facebook-1.0.1.RELEASE-sources.jar
Download http://repo1.maven.org/maven2/org/springframework/social/spring-social-twitter/1.0.2.RELEASE/spring-social-twitter-1.0.2.RELEASE-sources.jar
Download http://repo1.maven.org/maven2/org/springframework/social/spring-social-test/1.0.2.RELEASE/spring-social-test-1.0.2.RELEASE-sources.jar
Download http://repo1.maven.org/maven2/org/springframework/security/spring-security-core/3.1.2.RELEASE/spring-security-core-3.1.2.RELEASE-sources.jar
Download http://repo1.maven.org/maven2/org/codehaus/jackson/jackson-core-asl/1.9.3/jackson-core-asl-1.9.3-sources.jar
Download http://repo1.maven.org/maven2/org/codehaus/jackson/jackson-mapper-asl/1.9.3/jackson-mapper-asl-1.9.3-sources.jar
Download http://repo1.maven.org/maven2/org/codehaus/jackson/jackson-xc/1.9.3/jackson-xc-1.9.3-sources.jar
Download http://repo1.maven.org/maven2/commons-io/commons-io/1.4/commons-io-1.4-sources.jar
Download http://repo1.maven.org/maven2/javax/ws/rs/jsr311-api/1.1/jsr311-api-1.1-sources.jar
Download http://repo1.maven.org/maven2/javax/annotation/jsr250-api/1.0/jsr250-api-1.0-sources.jar
Download http://repo1.maven.org/maven2/com/sun/jersey/jersey-core/1.9.1/jersey-core-1.9.1-sources.jar
Download http://repo1.maven.org/maven2/com/sun/jersey/jersey-server/1.9.1/jersey-server-1.9.1-sources.jar
Download http://repo1.maven.org/maven2/com/sun/jersey/jersey-json/1.9.1/jersey-json-1.9.1-sources.jar
Download http://repo1.maven.org/maven2/com/sun/jersey/contribs/jersey-spring/1.9.1/jersey-spring-1.9.1-sources.jar
Download http://repo1.maven.org/maven2/org/springframework/spring-core/4.1.5.RELEASE/spring-core-4.1.5.RELEASE-sources.jar
Download http://repo1.maven.org/maven2/org/springframework/spring-beans/4.1.5.RELEASE/spring-beans-4.1.5.RELEASE-sources.jar
Download http://repo1.maven.org/maven2/org/springframework/spring-context/4.1.5.RELEASE/spring-context-4.1.5.RELEASE-sources.jar
Download http://repo1.maven.org/maven2/org/springframework/spring-aop/4.1.5.RELEASE/spring-aop-4.1.5.RELEASE-sources.jar
Download http://repo1.maven.org/maven2/org/springframework/spring-webmvc/4.1.5.RELEASE/spring-webmvc-4.1.5.RELEASE-sources.jar
Download http://repo1.maven.org/maven2/org/springframework/spring-tx/4.1.5.RELEASE/spring-tx-4.1.5.RELEASE-sources.jar
Download http://repo1.maven.org/maven2/org/springframework/spring-orm/4.1.5.RELEASE/spring-orm-4.1.5.RELEASE-sources.jar
Download http://repo1.maven.org/maven2/org/springframework/spring-jdbc/4.1.5.RELEASE/spring-jdbc-4.1.5.RELEASE-sources.jar
Download http://repo1.maven.org/maven2/org/springframework/spring-aspects/4.1.5.RELEASE/spring-aspects-4.1.5.RELEASE-sources.jar
Download http://repo1.maven.org/maven2/cglib/cglib/2.2/cglib-2.2-sources.jar
Download http://repo1.maven.org/maven2/javax/validation/validation-api/1.1.0.Final/validation-api-1.1.0.Final-sources.jar
Download http://repo1.maven.org/maven2/ch/qos/logback/logback-classic/1.0.1/logback-classic-1.0.1-sources.jar
Download http://repo1.maven.org/maven2/ch/qos/logback/logback-core/1.0.1/logback-core-1.0.1-sources.jar
Download http://repo1.maven.org/maven2/org/mockito/mockito-all/1.8.5/mockito-all-1.8.5-sources.jar
Download http://repo1.maven.org/maven2/org/springframework/integration/spring-integration-core/4.1.2.RELEASE/spring-integration-core-4.1.2.RELEASE-sources.jar
Download http://repo1.maven.org/maven2/org/springframework/integration/spring-integration-jdbc/4.1.2.RELEASE/spring-integration-jdbc-4.1.2.RELEASE-sources.jar
Download http://repo1.maven.org/maven2/org/springframework/integration/spring-integration-mail/4.1.2.RELEASE/spring-integration-mail-4.1.2.RELEASE-sources.jar
Download http://repo1.maven.org/maven2/org/springframework/integration/spring-integration-http/4.1.2.RELEASE/spring-integration-http-4.1.2.RELEASE-sources.jar
Download http://repo1.maven.org/maven2/org/apache/velocity/velocity/1.7/velocity-1.7-sources.jar
Download http://repo1.maven.org/maven2/javax/mail/mail/1.4.5/mail-1.4.5-sources.jar
Download http://repo1.maven.org/maven2/joda-time/joda-time/2.1/joda-time-2.1-sources.jar
Download http://repo1.maven.org/maven2/commons-lang/commons-lang/2.6/commons-lang-2.6-sources.jar
Download http://repo1.maven.org/maven2/commons-cli/commons-cli/1.2/commons-cli-1.2-sources.jar
Download http://repo1.maven.org/maven2/junit/junit/4.12/junit-4.12-sources.jar
Download http://repo1.maven.org/maven2/org/springframework/spring-test/4.1.5.RELEASE/spring-test-4.1.5.RELEASE-sources.jar
Download http://repo1.maven.org/maven2/org/hamcrest/hamcrest-all/1.1/hamcrest-all-1.1-sources.jar
Download http://repo1.maven.org/maven2/com/sun/jersey/jersey-test-framework/jersey-test-framework-grizzly2/1.9.1/jersey-test-framework-grizzly2-1.9.1-sources.jar
Download http://repo1.maven.org/maven2/com/sun/jersey/jersey-test-framework/jersey-test-framework-core/1.9.1/jersey-test-framework-core-1.9.1-sources.jar
Download http://repo1.maven.org/maven2/com/sun/jersey/jersey-grizzly2/1.9.1/jersey-grizzly2-1.9.1-sources.jar
Download http://repo1.maven.org/maven2/org/glassfish/grizzly/grizzly-http/2.1.2/grizzly-http-2.1.2-sources.jar
Download http://repo1.maven.org/maven2/org/glassfish/grizzly/grizzly-http-server/2.1.2/grizzly-http-server-2.1.2-sources.jar
Download http://repo1.maven.org/maven2/org/glassfish/grizzly/grizzly-rcm/2.1.2/grizzly-rcm-2.1.2-sources.jar
Download http://repo1.maven.org/maven2/org/glassfish/grizzly/grizzly-http-servlet/2.1.2/grizzly-http-servlet-2.1.2-sources.jar
Download http://repo1.maven.org/maven2/org/glassfish/javax.servlet/3.1/javax.servlet-3.1-sources.jar
Download http://repo1.maven.org/maven2/com/sun/jersey/jersey-client/1.9.1/jersey-client-1.9.1-sources.jar
Download http://repo1.maven.org/maven2/antlr/antlr/2.7.6/antlr-2.7.6-sources.jar
Download http://repo1.maven.org/maven2/dom4j/dom4j/1.6.1/dom4j-1.6.1-sources.jar
Download http://repo1.maven.org/maven2/org/hibernate/hibernate-commons-annotations/3.2.0.Final/hibernate-commons-annotations-3.2.0.Final-sources.jar
Download http://repo1.maven.org/maven2/javax/transaction/jta/1.1/jta-1.1-sources.jar
Download http://repo1.maven.org/maven2/javassist/javassist/3.12.0.GA/javassist-3.12.0.GA-sources.jar
Download http://repo1.maven.org/maven2/org/springframework/data/spring-data-commons-core/1.3.0.RELEASE/spring-data-commons-core-1.3.0.RELEASE-sources.jar
Download http://repo1.maven.org/maven2/org/slf4j/jcl-over-slf4j/1.6.1/jcl-over-slf4j-1.6.1-sources.jar
Download http://repo1.maven.org/maven2/commons-pool/commons-pool/1.5.4/commons-pool-1.5.4-sources.jar
Download http://repo1.maven.org/maven2/org/springframework/security/spring-security-crypto/3.1.0.RELEASE/spring-security-crypto-3.1.0.RELEASE-sources.jar
Download http://repo1.maven.org/maven2/asm/asm/3.1/asm-3.1-sources.jar
Download http://repo1.maven.org/maven2/org/codehaus/jettison/jettison/1.1/jettison-1.1-sources.jar
Download http://repo1.maven.org/maven2/com/sun/xml/bind/jaxb-impl/2.2.3-1/jaxb-impl-2.2.3-1-sources.jar
Download http://repo1.maven.org/maven2/org/codehaus/jackson/jackson-jaxrs/1.8.3/jackson-jaxrs-1.8.3-sources.jar
Download http://repo1.maven.org/maven2/org/projectreactor/reactor-core/1.1.4.RELEASE/reactor-core-1.1.4.RELEASE-sources.jar
Download http://repo1.maven.org/maven2/org/springframework/retry/spring-retry/1.1.1.RELEASE/spring-retry-1.1.1.RELEASE-sources.jar
Download http://repo1.maven.org/maven2/org/springframework/spring-messaging/4.1.4.RELEASE/spring-messaging-4.1.4.RELEASE-sources.jar
Download http://repo1.maven.org/maven2/org/springframework/spring-context-support/4.1.4.RELEASE/spring-context-support-4.1.4.RELEASE-sources.jar
Download http://repo1.maven.org/maven2/javax/activation/activation/1.1/activation-1.1-sources.jar
Download http://repo1.maven.org/maven2/javax/servlet/javax.servlet-api/3.0.1/javax.servlet-api-3.0.1-sources.jar
Download http://repo1.maven.org/maven2/org/glassfish/grizzly/grizzly-framework/2.1.2/grizzly-framework-2.1.2-sources.jar
Download http://repo1.maven.org/maven2/org/apache/httpcomponents/httpclient/4.0.3/httpclient-4.0.3-sources.jar
Download http://repo1.maven.org/maven2/net/sourceforge/nekohtml/nekohtml/1.9.9/nekohtml-1.9.9-sources.jar
Download http://repo1.maven.org/maven2/xml-resolver/xml-resolver/1.2/xml-resolver-1.2-sources.jar
Download http://repo1.maven.org/maven2/junit/junit-dep/4.8.2/junit-dep-4.8.2-sources.jar
Download http://repo1.maven.org/maven2/javax/xml/bind/jaxb-api/2.2.2/jaxb-api-2.2.2-sources.jar
Download http://repo1.maven.org/maven2/com/goldmansachs/gs-collections/5.1.0/gs-collections-5.1.0-sources.jar
Download http://repo1.maven.org/maven2/com/lmax/disruptor/3.2.1/disruptor-3.2.1-sources.jar
Download http://repo1.maven.org/maven2/io/gatling/jsr166e/1.0/jsr166e-1.0-sources.jar
Download http://repo1.maven.org/maven2/org/apache/httpcomponents/httpcore/4.0.1/httpcore-4.0.1-sources.jar
Download http://repo1.maven.org/maven2/commons-beanutils/commons-beanutils/1.8.0/commons-beanutils-1.8.0-sources.jar
Download http://repo1.maven.org/maven2/net/sf/ezmorph/ezmorph/1.0.6/ezmorph-1.0.6-sources.jar
Download http://repo1.maven.org/maven2/xerces/xercesImpl/2.8.1/xercesImpl-2.8.1-sources.jar
Download http://repo1.maven.org/maven2/javax/xml/stream/stax-api/1.0-2/stax-api-1.0-2-sources.jar
Download http://repo1.maven.org/maven2/com/goldmansachs/gs-collections-api/5.1.0/gs-collections-api-5.1.0-sources.jar
Download http://repo1.maven.org/maven2/org/hibernate/hibernate-validator/4.3.1.Final/hibernate-validator-4.3.1.Final-sources.jar
Download http://repo1.maven.org/maven2/org/jboss/logging/jboss-logging/3.1.0.CR2/jboss-logging-3.1.0.CR2-sources.jar
Download http://repo1.maven.org/maven2/org/hibernate/javax/persistence/hibernate-jpa-2.0-api/1.0.1.Final/hibernate-jpa-2.0-api-1.0.1.Final-sources.jar
Download http://repo1.maven.org/maven2/org/aspectj/aspectjrt/1.6.12/aspectjrt-1.6.12-sources.jar
Download http://repo1.maven.org/maven2/org/springframework/spring-web/4.1.5.RELEASE/spring-web-4.1.5.RELEASE-sources.jar
Download http://repo1.maven.org/maven2/org/springframework/spring-expression/4.1.5.RELEASE/spring-expression-4.1.5.RELEASE-sources.jar
Download http://repo1.maven.org/maven2/org/aspectj/aspectjweaver/1.8.5/aspectjweaver-1.8.5-sources.jar
Download http://repo1.maven.org/maven2/org/slf4j/slf4j-api/1.7.7/slf4j-api-1.7.7-sources.jar
Download http://repo1.maven.org/maven2/com/google/guava/guava/16.0.1/guava-16.0.1-sources.jar
Download http://repo1.maven.org/maven2/commons-logging/commons-logging/1.2/commons-logging-1.2-sources.jar
Download http://repo1.maven.org/maven2/org/hamcrest/hamcrest-core/1.1/hamcrest-core-1.1-sources.jar
Download http://repo1.maven.org/maven2/org/codehaus/groovy/groovy-all/2.0.0/groovy-all-2.0.0.jar
Download http://repo1.maven.org/maven2/org/codehaus/groovy/groovy-all/2.0.0/groovy-all-2.0.0-sources.jar
Download http://jcenter.bintray.com/org/gradle/api/plugins/gradle-tomcat-plugin/1.0/gradle-tomcat-plugin-1.0-sources.jar
12:36:51.283 [DEBUG] [org.gradle.cache.internal.btree.BTreePersistentIndexedCache] Closing cache module-artifacts.bin (/Users/sowmyavi/.gradle/caches/modules-2/metadata-2.12/module-artifacts.bin)
12:36:51.283 [DEBUG] [org.gradle.cache.internal.btree.BTreePersistentIndexedCache] Closing cache module-metadata.bin (/Users/sowmyavi/.gradle/caches/modules-2/metadata-2.12/module-metadata.bin)
12:36:51.284 [DEBUG] [org.gradle.cache.internal.btree.BTreePersistentIndexedCache] Closing cache artifact-at-repository.bin (/Users/sowmyavi/.gradle/caches/modules-2/metadata-2.12/artifact-at-repository.bin)
12:36:51.284 [DEBUG] [org.gradle.cache.internal.btree.BTreePersistentIndexedCache] Closing cache artifact-at-url.bin (/Users/sowmyavi/.gradle/caches/modules-2/metadata-2.12/artifact-at-url.bin)
12:36:51.285 [DEBUG] [org.gradle.cache.internal.btree.BTreePersistentIndexedCache] Closing cache module-versions.bin (/Users/sowmyavi/.gradle/caches/modules-2/metadata-2.12/module-versions.bin)
12:36:51.285 [DEBUG] [org.gradle.cache.internal.DefaultFileLockManager] Releasing lock on artifact cache (/Users/sowmyavi/.gradle/caches/modules-2).
12:36:51.286 [DEBUG] [org.gradle.cache.internal.DefaultFileLockManager] Releasing lock on initscript class cache for initialization script '/private/var/folders/cn/y6_hhyyn4s717jg8lqgdkc5m0000gp/T/ijinit9.gradle' (/Users/sowmyavi/.gradle/caches/2.0/scripts/ijinit9_68vjm2pd976vcatam84c1dbqi9/InitScript/initscript).
12:36:51.286 [DEBUG] [org.gradle.cache.internal.DefaultFileLockManager] Releasing lock on no_initscript class cache for initialization script '/private/var/folders/cn/y6_hhyyn4s717jg8lqgdkc5m0000gp/T/ijinit9.gradle' (/Users/sowmyavi/.gradle/caches/2.0/scripts/ijinit9_68vjm2pd976vcatam84c1dbqi9/InitScript/no_initscript).
12:36:51.287 [DEBUG] [org.gradle.cache.internal.DefaultFileLockManager] Releasing lock on buildscript class cache for build file '/Users/sowmyavi/Downloads/rest-java-master/build.gradle' (/Users/sowmyavi/.gradle/caches/2.0/scripts/build_18i8f3fi5tlea00kk0g6dbs34s/ProjectScript/buildscript).
12:36:51.287 [DEBUG] [org.gradle.cache.internal.DefaultFileLockManager] Releasing lock on no_buildscript class cache for build file '/Users/sowmyavi/Downloads/rest-java-master/build.gradle' (/Users/sowmyavi/.gradle/caches/2.0/scripts/build_18i8f3fi5tlea00kk0g6dbs34s/ProjectScript/no_buildscript).
12:36:51.290 [DEBUG] [org.gradle.api.internal.artifacts.ivyservice.ivyresolve.memcache.InMemoryCachedRepositoryFactory] In-memory dependency metadata cache closed. Repos cached: 42, cache instances: 3, modules served from cache: 1149, artifacts: 804
12:36:51.291 [DEBUG] [org.gradle.api.internal.artifacts.ivyservice.resolveengine.store.CachedStoreFactory] Resolution result cache closed. Cache reads: 26, disk reads: 13 (avg: 0.003 secs, total: 0.05 secs)
12:36:51.293 [DEBUG] [org.gradle.api.internal.artifacts.ivyservice.resolveengine.store.CachedStoreFactory] Resolved configuration cache closed. Cache reads: 0, disk reads: 0 (avg: 0.0 secs, total: 0.0 secs)
12:36:51.293 [DEBUG] [org.gradle.api.internal.artifacts.ivyservice.resolveengine.store.ResolutionResultsStoreFactory] Deleted 2 resolution results binary files in 0.002 secs
12:36:51.294 [DEBUG] [org.gradle.launcher.daemon.server.exec.ExecuteBuild] The daemon has finished executing the build.
12:36:51.294 [DEBUG] [org.gradle.launcher.daemon.server.exec.ReturnResult] Daemon is dispatching the build result: DaemonCommandResult[type=Success, value=org.gradle.tooling.internal.provider.BuildActionResult@2fc26117]
12:36:51.294 [DEBUG] [org.gradle.launcher.daemon.server.SynchronizedDispatchConnection] thread 26: dispatching class org.gradle.launcher.daemon.protocol.Success
12:36:51.297 [DEBUG] [org.gradle.launcher.daemon.server.DaemonStateCoordinator] onFinishCommand() called while execution = DaemonCommandExecution[command = Build{id=db7f7003-efc6-423b-9a1b-a414d1ded51b.1, currentDir=/Users/sowmyavi/Downloads/rest-java-master}, connection = org.gradle.launcher.daemon.server.DefaultDaemonConnection@61e9e4be]
12:36:51.297 [DEBUG] [org.gradle.launcher.daemon.server.DaemonStateCoordinator] updating lastActivityAt to 1436944011297
12:36:51.298 [INFO] [org.gradle.launcher.daemon.server.DomainRegistryUpdater] Marking the daemon as idle, address: [0541d5fb-1bd4-4e3b-9b20-eade7b2c1c90 port:63631, addresses:[/0:0:0:0:0:0:0:1, /127.0.0.1]]
12:36:51.299 [DEBUG] [org.gradle.launcher.daemon.registry.PersistentDaemonRegistry] Marking idle by address: [0541d5fb-1bd4-4e3b-9b20-eade7b2c1c90 port:63631, addresses:[/0:0:0:0:0:0:0:1, /127.0.0.1]]
12:36:51.299 [DEBUG] [org.gradle.cache.internal.DefaultFileLockManager] Waiting to acquire exclusive lock on daemon addresses registry.
12:36:51.300 [DEBUG] [org.gradle.cache.internal.DefaultFileLockManager] Lock acquired.
12:36:51.305 [DEBUG] [org.gradle.cache.internal.DefaultFileLockManager] Releasing lock on daemon addresses registry.
12:36:51.588 [DEBUG] [org.gradle.launcher.daemon.server.DefaultIncomingConnectionHandler] Finishing executing command: Build{id=db7f7003-efc6-423b-9a1b-a414d1ded51b.1, currentDir=/Users/sowmyavi/Downloads/rest-java-master}
12:36:51.588 [DEBUG] [org.apache.http.impl.conn.PoolingClientConnectionManager] Connection manager is shutting down
12:36:51.589 [DEBUG] [org.gradle.launcher.daemon.server.DaemonStateCoordinator] Daemon is idle, sleeping until state change or idle timeout at Wed Jul 15 15:36:51 IST 2015
12:36:51.590 [DEBUG] [org.gradle.launcher.daemon.server.SynchronizedDispatchConnection] thread 27: received class org.gradle.launcher.daemon.protocol.Finished
12:36:51.590 [DEBUG] [org.apache.http.impl.conn.DefaultClientConnection] Connection 0.0.0.0:63639<->23.235.44.209:80 closed
12:36:51.590 [DEBUG] [org.gradle.launcher.daemon.server.DefaultDaemonConnection] Received non-IO message from client: org.gradle.launcher.daemon.protocol.Finished@52e46090
12:36:51.591 [DEBUG] [org.apache.http.impl.conn.DefaultClientConnection] Connection 0.0.0.0:63639<->23.235.44.209:80 closed
12:36:51.592 [DEBUG] [org.gradle.launcher.daemon.server.SynchronizedDispatchConnection] thread 27: received null
12:36:51.592 [DEBUG] [org.gradle.launcher.daemon.server.DefaultIncomingConnectionHandler] Received finished message: org.gradle.launcher.daemon.protocol.Finished@52e46090
12:36:51.592 [DEBUG] [org.gradle.launcher.daemon.server.DefaultDaemonConnection] Received end-of-input from client.
12:36:51.592 [DEBUG] [org.apache.http.impl.conn.PoolingClientConnectionManager] Connection manager shut down
12:36:51.593 [DEBUG] [org.gradle.launcher.daemon.server.SynchronizedDispatchConnection] thread 26: stopping connection
12:36:51.594 [DEBUG] [org.apache.http.impl.conn.PoolingClientConnectionManager] Connection manager is shutting down
12:36:51.595 [DEBUG] [org.gradle.launcher.daemon.server.SynchronizedDispatchConnection] thread 26: stopping connection
12:36:51.596 [DEBUG] [org.apache.http.impl.conn.DefaultClientConnection] Connection 0.0.0.0:63649<->23.235.47.209:80 closed
12:36:51.596 [DEBUG] [org.apache.http.impl.conn.DefaultClientConnection] Connection 0.0.0.0:63649<->23.235.47.209:80 closed
12:36:51.597 [DEBUG] [org.apache.http.impl.conn.PoolingClientConnectionManager] Connection manager shut down
12:36:51.597 [DEBUG] [org.apache.http.impl.conn.PoolingClientConnectionManager] Connection manager is shutting down
12:36:51.597 [DEBUG] [org.apache.http.impl.conn.DefaultClientConnection] Connection 0.0.0.0:63643<->54.165.108.12:80 closed
12:36:51.598 [DEBUG] [org.apache.http.impl.conn.DefaultClientConnection] Connection 0.0.0.0:63643<->54.165.108.12:80 closed
12:36:51.598 [DEBUG] [org.apache.http.impl.conn.PoolingClientConnectionManager] Connection manager shut down
12:36:51.598 [DEBUG] [org.apache.http.impl.conn.PoolingClientConnectionManager] Connection manager is shutting down
12:36:51.599 [DEBUG] [org.apache.http.impl.conn.DefaultClientConnection] Connection 0.0.0.0:63876<->23.235.44.209:80 closed
12:36:51.599 [DEBUG] [org.apache.http.impl.conn.DefaultClientConnection] Connection 0.0.0.0:63876<->23.235.44.209:80 closed
12:36:51.599 [DEBUG] [org.apache.http.impl.conn.PoolingClientConnectionManager] Connection manager shut down
12:36:51.600 [DEBUG] [org.apache.http.impl.conn.PoolingClientConnectionManager] Connection manager is shutting down
12:36:51.600 [DEBUG] [org.apache.http.impl.conn.DefaultClientConnection] Connection 0.0.0.0:63878<->5.153.24.114:80 closed
12:36:51.600 [DEBUG] [org.apache.http.impl.conn.DefaultClientConnection] Connection 0.0.0.0:63878<->5.153.24.114:80 closed
12:36:51.601 [DEBUG] [org.apache.http.impl.conn.PoolingClientConnectionManager] Connection manager shut down
16:24:42.122 [DEBUG] [org.gradle.launcher.daemon.server.DaemonStateCoordinator] Daemon has been idle for requested period.
16:24:42.125 [DEBUG] [org.gradle.launcher.daemon.server.DaemonStateCoordinator] Stop requested. The daemon is running a build: false
16:24:42.125 [DEBUG] [org.gradle.launcher.daemon.server.Daemon] stop() called on daemon
16:24:42.126 [INFO] [org.gradle.launcher.daemon.server.Daemon] Stop requested. Daemon is removing its presence from the registry...
16:24:42.127 [DEBUG] [org.gradle.launcher.daemon.server.DaemonStateCoordinator] Stop requested. The daemon is running a build: false
16:24:42.127 [DEBUG] [org.gradle.launcher.daemon.server.DomainRegistryUpdater] Removing our presence to clients, eg. removing this address from the registry: [0541d5fb-1bd4-4e3b-9b20-eade7b2c1c90 port:63631, addresses:[/0:0:0:0:0:0:0:1, /127.0.0.1]]
16:24:42.128 [DEBUG] [org.gradle.launcher.daemon.registry.PersistentDaemonRegistry] Removing daemon address: [0541d5fb-1bd4-4e3b-9b20-eade7b2c1c90 port:63631, addresses:[/0:0:0:0:0:0:0:1, /127.0.0.1]]
16:24:42.131 [DEBUG] [org.gradle.cache.internal.DefaultFileLockManager] Waiting to acquire exclusive lock on daemon addresses registry.
16:24:42.133 [DEBUG] [org.gradle.cache.internal.DefaultFileLockManager] Lock acquired.
16:24:42.136 [DEBUG] [org.gradle.cache.internal.DefaultFileLockManager] Releasing lock on daemon addresses registry.
16:24:42.137 [DEBUG] [org.gradle.launcher.daemon.server.DomainRegistryUpdater] Address removed from registry.
Daemon vm is shutting down... The daemon has exited normally or was terminated in response to a user interrupt.
16:24:42.139 [DEBUG] [org.gradle.launcher.daemon.registry.PersistentDaemonRegistry] Removing daemon address: [0541d5fb-1bd4-4e3b-9b20-eade7b2c1c90 port:63631, addresses:[/0:0:0:0:0:0:0:1, /127.0.0.1]]
16:24:42.140 [DEBUG] [org.gradle.cache.internal.DefaultFileLockManager] Waiting to acquire exclusive lock on daemon addresses registry.
16:24:42.140 [DEBUG] [org.gradle.cache.internal.DefaultFileLockManager] Lock acquired.
16:24:42.141 [DEBUG] [org.gradle.cache.internal.DefaultFileLockManager] Releasing lock on daemon addresses registry.
